#
# There is insufficient memory for the Java Runtime Environment to continue.
# Native memory allocation (malloc) failed to allocate 1607856 bytes for Chunk::new
# Possible reasons:
#   The system is out of physical RAM or swap space
#   In 32 bit mode, the process size limit was hit
# Possible solutions:
#   Reduce memory load on the system
#   Increase physical memory or swap space
#   Check if swap backing store is full
#   Use 64 bit Java on a 64 bit OS
#   Decrease Java heap size (-Xmx/-Xms)
#   Decrease number of Java threads
#   Decrease Java thread stack sizes (-Xss)
#   Set larger code cache with -XX:ReservedCodeCacheSize=
# This output file may be truncated or incomplete.
#
#  Out of Memory Error (allocation.cpp:390), pid=880, tid=8696
#
# JRE version: Java(TM) SE Runtime Environment (8.0_40-b26) (build 1.8.0_40-b26)
# Java VM: Java HotSpot(TM) 64-Bit Server VM (25.40-b25 mixed mode windows-amd64 compressed oops)
# Failed to write core dump. Minidumps are not enabled by default on client versions of Windows
#

---------------  T H R E A D  ---------------

Current thread (0x0000000014b4e000):  JavaThread "C2 CompilerThread0" daemon [_thread_in_native, id=8696, stack(0x00000000160a0000,0x00000000161a0000)]

Stack: [0x00000000160a0000,0x00000000161a0000]
Native frames: (J=compiled Java code, j=interpreted, Vv=VM code, C=native code)
V  [jvm.dll+0x32b47a]
V  [jvm.dll+0x2797f3]
V  [jvm.dll+0x27a489]
V  [jvm.dll+0x2717a5]
V  [jvm.dll+0xcb9a2]
V  [jvm.dll+0xcbe6c]
V  [jvm.dll+0x476ea2]
V  [jvm.dll+0x4b950f]
V  [jvm.dll+0x46bf81]
V  [jvm.dll+0x46ccbe]
V  [jvm.dll+0x4500d2]
V  [jvm.dll+0xa4312]
V  [jvm.dll+0xa4c4f]
V  [jvm.dll+0x241914]
V  [jvm.dll+0x29848a]
C  [msvcr100.dll+0x21d9f]
C  [msvcr100.dll+0x21e3b]
C  [KERNEL32.DLL+0x12d92]
C  [ntdll.dll+0x9f64]


Current CompileTask:
C2:  28090 1980       4       com.android.dx.dex.code.OutputFinisher::addConstants (93 bytes)


---------------  P R O C E S S  ---------------

Java Threads: ( => current thread )
  0x00000000165e6000 JavaThread "pool-1-thread-1" [_thread_in_native, id=7632, stack(0x00000000171a0000,0x00000000172a0000)]
  0x00000000163c1000 JavaThread "Service Thread" daemon [_thread_blocked, id=8380, stack(0x00000000167a0000,0x00000000168a0000)]
  0x0000000014b79800 JavaThread "C1 CompilerThread2" daemon [_thread_blocked, id=9140, stack(0x00000000162a0000,0x00000000163a0000)]
  0x0000000014b50800 JavaThread "C2 CompilerThread1" daemon [_thread_in_native, id=8516, stack(0x00000000161a0000,0x00000000162a0000)]
=>0x0000000014b4e000 JavaThread "C2 CompilerThread0" daemon [_thread_in_native, id=8696, stack(0x00000000160a0000,0x00000000161a0000)]
  0x0000000014b4b000 JavaThread "Attach Listener" daemon [_thread_blocked, id=3544, stack(0x0000000015fa0000,0x00000000160a0000)]
  0x0000000014b4a800 JavaThread "Signal Dispatcher" daemon [_thread_blocked, id=8840, stack(0x0000000015ea0000,0x0000000015fa0000)]
  0x0000000002477000 JavaThread "Finalizer" daemon [_thread_blocked, id=6272, stack(0x0000000015da0000,0x0000000015ea0000)]
  0x000000000246e000 JavaThread "Reference Handler" daemon [_thread_blocked, id=7924, stack(0x0000000015ca0000,0x0000000015da0000)]
  0x0000000002380800 JavaThread "main" [_thread_blocked, id=8984, stack(0x0000000002280000,0x0000000002380000)]

Other Threads:
  0x0000000014b18000 VMThread [stack: 0x0000000015ba0000,0x0000000015ca0000] [id=7120]
  0x00000000163b7000 WatcherThread [stack: 0x00000000168a0000,0x00000000169a0000] [id=8864]

VM state:not at safepoint (normal execution)

VM Mutex/Monitor currently owned by a thread: None

Heap:
 PSYoungGen      total 37376K, used 19148K [0x00000000eab00000, 0x00000000ef900000, 0x0000000100000000)
  eden space 30720K, 40% used [0x00000000eab00000,0x00000000eb73b100,0x00000000ec900000)
  from space 6656K, 99% used [0x00000000ec900000,0x00000000ecf78010,0x00000000ecf80000)
  to   space 9216K, 0% used [0x00000000ef000000,0x00000000ef000000,0x00000000ef900000)
 ParOldGen       total 40960K, used 12037K [0x00000000c0000000, 0x00000000c2800000, 0x00000000eab00000)
  object space 40960K, 29% used [0x00000000c0000000,0x00000000c0bc1550,0x00000000c2800000)
 Metaspace       used 6789K, capacity 7568K, committed 7936K, reserved 1056768K
  class space    used 617K, capacity 648K, committed 768K, reserved 1048576K

Card table byte_map: [0x0000000011840000,0x0000000011a50000] byte_map_base: 0x0000000011240000

Marking Bits: (ParMarkBitMap*) 0x000000005b984040
 Begin Bits: [0x0000000011fb0000, 0x0000000012fb0000)
 End Bits:   [0x0000000012fb0000, 0x0000000013fb0000)

Polling page: 0x0000000000980000

CodeCache: size=245760Kb used=10185Kb max_used=10185Kb free=235574Kb
 bounds [0x0000000002480000, 0x0000000002e80000, 0x0000000011480000]
 total_blobs=2622 nmethods=2351 adapters=183
 compilation: enabled

Compilation events (10 events):
Event: 26.992 Thread 0x0000000014b50800 nmethod 1990 0x0000000002d48a50 code [0x0000000002d48d20, 0x0000000002d4b1c0]
Event: 26.992 Thread 0x0000000014b50800 1992       4       com.android.dx.dex.code.OutputFinisher::getAllConstants (47 bytes)
Event: 26.994 Thread 0x0000000014b79800 2007       3       java.lang.StringBuilder::<init> (6 bytes)
Event: 26.995 Thread 0x0000000014b79800 nmethod 2007 0x0000000002d3fa50 code [0x0000000002d3fbc0, 0x0000000002d3fe70]
Event: 26.995 Thread 0x0000000014b79800 2008       3       com.android.dx.dex.file.ProtoIdItem::makeShortForm (74 bytes)
Event: 26.997 Thread 0x0000000014b79800 nmethod 2008 0x0000000002d461d0 code [0x0000000002d46480, 0x0000000002d47c28]
Event: 26.998 Thread 0x0000000014b79800 2009       3       com.android.dx.dex.file.TypeListItem::<init> (21 bytes)
Event: 26.998 Thread 0x0000000014b79800 nmethod 2009 0x0000000002d45cd0 code [0x0000000002d45e40, 0x0000000002d460d8]
Event: 26.999 Thread 0x0000000014b79800 2010       3       com.android.dx.dex.file.ProtoIdItem::<init> (60 bytes)
Event: 27.000 Thread 0x0000000014b79800 nmethod 2010 0x0000000002d44fd0 code [0x0000000002d451a0, 0x0000000002d459a8]

GC Heap History (10 events):
Event: 21.676 GC heap before
{Heap before GC invocations=3 (full 0):
 PSYoungGen      total 17920K, used 17914K [0x00000000eab00000, 0x00000000ebf00000, 0x0000000100000000)
  eden space 15360K, 100% used [0x00000000eab00000,0x00000000eba00000,0x00000000eba00000)
  from space 2560K, 99% used [0x00000000ebc80000,0x00000000ebefeac8,0x00000000ebf00000)
  to   space 2560K, 0% used [0x00000000eba00000,0x00000000eba00000,0x00000000ebc80000)
 ParOldGen       total 40960K, used 1706K [0x00000000c0000000, 0x00000000c2800000, 0x00000000eab00000)
  object space 40960K, 4% used [0x00000000c0000000,0x00000000c01aab48,0x00000000c2800000)
 Metaspace       used 6042K, capacity 6960K, committed 7040K, reserved 1056768K
  class space    used 590K, capacity 616K, committed 640K, reserved 1048576K
Event: 21.692 GC heap after
Heap after GC invocations=3 (full 0):
 PSYoungGen      total 17920K, used 2528K [0x00000000eab00000, 0x00000000ebf00000, 0x0000000100000000)
  eden space 15360K, 0% used [0x00000000eab00000,0x00000000eab00000,0x00000000eba00000)
  from space 2560K, 98% used [0x00000000eba00000,0x00000000ebc78028,0x00000000ebc80000)
  to   space 2560K, 0% used [0x00000000ebc80000,0x00000000ebc80000,0x00000000ebf00000)
 ParOldGen       total 40960K, used 3623K [0x00000000c0000000, 0x00000000c2800000, 0x00000000eab00000)
  object space 40960K, 8% used [0x00000000c0000000,0x00000000c0389fa0,0x00000000c2800000)
 Metaspace       used 6042K, capacity 6960K, committed 7040K, reserved 1056768K
  class space    used 590K, capacity 616K, committed 640K, reserved 1048576K
}
Event: 22.771 GC heap before
{Heap before GC invocations=4 (full 0):
 PSYoungGen      total 17920K, used 17888K [0x00000000eab00000, 0x00000000ebf00000, 0x0000000100000000)
  eden space 15360K, 100% used [0x00000000eab00000,0x00000000eba00000,0x00000000eba00000)
  from space 2560K, 98% used [0x00000000eba00000,0x00000000ebc78028,0x00000000ebc80000)
  to   space 2560K, 0% used [0x00000000ebc80000,0x00000000ebc80000,0x00000000ebf00000)
 ParOldGen       total 40960K, used 3623K [0x00000000c0000000, 0x00000000c2800000, 0x00000000eab00000)
  object space 40960K, 8% used [0x00000000c0000000,0x00000000c0389fa0,0x00000000c2800000)
 Metaspace       used 6110K, capacity 7024K, committed 7296K, reserved 1056768K
  class space    used 591K, capacity 616K, committed 640K, reserved 1048576K
Event: 22.849 GC heap after
Heap after GC invocations=4 (full 0):
 PSYoungGen      total 17920K, used 2528K [0x00000000eab00000, 0x00000000ece00000, 0x0000000100000000)
  eden space 15360K, 0% used [0x00000000eab00000,0x00000000eab00000,0x00000000eba00000)
  from space 2560K, 98% used [0x00000000ebc80000,0x00000000ebef8028,0x00000000ebf00000)
  to   space 2560K, 0% used [0x00000000eba00000,0x00000000eba00000,0x00000000ebc80000)
 ParOldGen       total 40960K, used 6341K [0x00000000c0000000, 0x00000000c2800000, 0x00000000eab00000)
  object space 40960K, 15% used [0x00000000c0000000,0x00000000c0631470,0x00000000c2800000)
 Metaspace       used 6110K, capacity 7024K, committed 7296K, reserved 1056768K
  class space    used 591K, capacity 616K, committed 640K, reserved 1048576K
}
Event: 23.198 GC heap before
{Heap before GC invocations=5 (full 0):
 PSYoungGen      total 17920K, used 17888K [0x00000000eab00000, 0x00000000ece00000, 0x0000000100000000)
  eden space 15360K, 100% used [0x00000000eab00000,0x00000000eba00000,0x00000000eba00000)
  from space 2560K, 98% used [0x00000000ebc80000,0x00000000ebef8028,0x00000000ebf00000)
  to   space 2560K, 0% used [0x00000000eba00000,0x00000000eba00000,0x00000000ebc80000)
 ParOldGen       total 40960K, used 6341K [0x00000000c0000000, 0x00000000c2800000, 0x00000000eab00000)
  object space 40960K, 15% used [0x00000000c0000000,0x00000000c0631470,0x00000000c2800000)
 Metaspace       used 6199K, capacity 7088K, committed 7296K, reserved 1056768K
  class space    used 592K, capacity 616K, committed 640K, reserved 1048576K
Event: 23.218 GC heap after
Heap after GC invocations=5 (full 0):
 PSYoungGen      total 17920K, used 2528K [0x00000000eab00000, 0x00000000ed600000, 0x0000000100000000)
  eden space 15360K, 0% used [0x00000000eab00000,0x00000000eab00000,0x00000000eba00000)
  from space 2560K, 98% used [0x00000000eba00000,0x00000000ebc78028,0x00000000ebc80000)
  to   space 6656K, 0% used [0x00000000ecf80000,0x00000000ecf80000,0x00000000ed600000)
 ParOldGen       total 40960K, used 8949K [0x00000000c0000000, 0x00000000c2800000, 0x00000000eab00000)
  object space 40960K, 21% used [0x00000000c0000000,0x00000000c08bd4e8,0x00000000c2800000)
 Metaspace       used 6199K, capacity 7088K, committed 7296K, reserved 1056768K
  class space    used 592K, capacity 616K, committed 640K, reserved 1048576K
}
Event: 24.414 GC heap before
{Heap before GC invocations=6 (full 0):
 PSYoungGen      total 17920K, used 17888K [0x00000000eab00000, 0x00000000ed600000, 0x0000000100000000)
  eden space 15360K, 100% used [0x00000000eab00000,0x00000000eba00000,0x00000000eba00000)
  from space 2560K, 98% used [0x00000000eba00000,0x00000000ebc78028,0x00000000ebc80000)
  to   space 6656K, 0% used [0x00000000ecf80000,0x00000000ecf80000,0x00000000ed600000)
 ParOldGen       total 40960K, used 8949K [0x00000000c0000000, 0x00000000c2800000, 0x00000000eab00000)
  object space 40960K, 21% used [0x00000000c0000000,0x00000000c08bd4e8,0x00000000c2800000)
 Metaspace       used 6232K, capacity 7088K, committed 7296K, reserved 1056768K
  class space    used 592K, capacity 616K, committed 640K, reserved 1048576K
Event: 24.513 GC heap after
Heap after GC invocations=6 (full 0):
 PSYoungGen      total 37376K, used 5184K [0x00000000eab00000, 0x00000000ed600000, 0x0000000100000000)
  eden space 30720K, 0% used [0x00000000eab00000,0x00000000eab00000,0x00000000ec900000)
  from space 6656K, 77% used [0x00000000ecf80000,0x00000000ed490028,0x00000000ed600000)
  to   space 6656K, 0% used [0x00000000ec900000,0x00000000ec900000,0x00000000ecf80000)
 ParOldGen       total 40960K, used 8949K [0x00000000c0000000, 0x00000000c2800000, 0x00000000eab00000)
  object space 40960K, 21% used [0x00000000c0000000,0x00000000c08bd4e8,0x00000000c2800000)
 Metaspace       used 6232K, capacity 7088K, committed 7296K, reserved 1056768K
  class space    used 592K, capacity 616K, committed 640K, reserved 1048576K
}
Event: 25.542 GC heap before
{Heap before GC invocations=7 (full 0):
 PSYoungGen      total 37376K, used 35904K [0x00000000eab00000, 0x00000000ed600000, 0x0000000100000000)
  eden space 30720K, 100% used [0x00000000eab00000,0x00000000ec900000,0x00000000ec900000)
  from space 6656K, 77% used [0x00000000ecf80000,0x00000000ed490028,0x00000000ed600000)
  to   space 6656K, 0% used [0x00000000ec900000,0x00000000ec900000,0x00000000ecf80000)
 ParOldGen       total 40960K, used 8949K [0x00000000c0000000, 0x00000000c2800000, 0x00000000eab00000)
  object space 40960K, 21% used [0x00000000c0000000,0x00000000c08bd4e8,0x00000000c2800000)
 Metaspace       used 6310K, capacity 7152K, committed 7296K, reserved 1056768K
  class space    used 592K, capacity 616K, committed 640K, reserved 1048576K
Event: 25.637 GC heap after
Heap after GC invocations=7 (full 0):
 PSYoungGen      total 37376K, used 6624K [0x00000000eab00000, 0x00000000ef900000, 0x0000000100000000)
  eden space 30720K, 0% used [0x00000000eab00000,0x00000000eab00000,0x00000000ec900000)
  from space 6656K, 99% used [0x00000000ec900000,0x00000000ecf78010,0x00000000ecf80000)
  to   space 9216K, 0% used [0x00000000ef000000,0x00000000ef000000,0x00000000ef900000)
 ParOldGen       total 40960K, used 12037K [0x00000000c0000000, 0x00000000c2800000, 0x00000000eab00000)
  object space 40960K, 29% used [0x00000000c0000000,0x00000000c0bc1550,0x00000000c2800000)
 Metaspace       used 6310K, capacity 7152K, committed 7296K, reserved 1056768K
  class space    used 592K, capacity 616K, committed 640K, reserved 1048576K
}

Deoptimization events (10 events):
Event: 26.454 Thread 0x00000000165e6000 Uncommon trap: reason=bimorphic action=maybe_recompile pc=0x000000000274c07c method=java.util.HashMap.getNode(ILjava/lang/Object;)Ljava/util/HashMap$Node; @ 126
Event: 26.454 Thread 0x00000000165e6000 Uncommon trap: reason=bimorphic action=maybe_recompile pc=0x000000000274c07c method=java.util.HashMap.getNode(ILjava/lang/Object;)Ljava/util/HashMap$Node; @ 126
Event: 26.454 Thread 0x00000000165e6000 Uncommon trap: reason=class_check action=maybe_recompile pc=0x000000000298cebc method=java.util.HashMap.putVal(ILjava/lang/Object;Ljava/lang/Object;ZZ)Ljava/lang/Object; @ 203
Event: 26.455 Thread 0x00000000165e6000 Uncommon trap: reason=class_check action=maybe_recompile pc=0x000000000298cebc method=java.util.HashMap.putVal(ILjava/lang/Object;Ljava/lang/Object;ZZ)Ljava/lang/Object; @ 203
Event: 26.456 Thread 0x00000000165e6000 Uncommon trap: reason=class_check action=maybe_recompile pc=0x000000000298cebc method=java.util.HashMap.putVal(ILjava/lang/Object;Ljava/lang/Object;ZZ)Ljava/lang/Object; @ 203
Event: 26.456 Thread 0x00000000165e6000 Uncommon trap: reason=class_check action=maybe_recompile pc=0x000000000298cebc method=java.util.HashMap.putVal(ILjava/lang/Object;Ljava/lang/Object;ZZ)Ljava/lang/Object; @ 203
Event: 26.544 Thread 0x00000000165e6000 Uncommon trap: reason=bimorphic action=maybe_recompile pc=0x0000000002d294d0 method=java.util.HashMap.putVal(ILjava/lang/Object;Ljava/lang/Object;ZZ)Ljava/lang/Object; @ 203
Event: 26.544 Thread 0x00000000165e6000 Uncommon trap: reason=bimorphic action=maybe_recompile pc=0x0000000002d294d0 method=java.util.HashMap.putVal(ILjava/lang/Object;Ljava/lang/Object;ZZ)Ljava/lang/Object; @ 203
Event: 26.544 Thread 0x00000000165e6000 Uncommon trap: reason=bimorphic action=maybe_recompile pc=0x0000000002d294d0 method=java.util.HashMap.putVal(ILjava/lang/Object;Ljava/lang/Object;ZZ)Ljava/lang/Object; @ 203
Event: 26.544 Thread 0x00000000165e6000 Uncommon trap: reason=bimorphic action=maybe_recompile pc=0x0000000002d294d0 method=java.util.HashMap.putVal(ILjava/lang/Object;Ljava/lang/Object;ZZ)Ljava/lang/Object; @ 203

Internal exceptions (3 events):
Event: 8.286 Thread 0x0000000002380800 Exception <a 'java/lang/NoSuchMethodError': Method sun.misc.Unsafe.defineClass(Ljava/lang/String;[BII)Ljava/lang/Class; name or signature does not match> (0x00000000eab0d288) thrown at [D:\re\workspace\8-2-build-windows-amd64-cygwin\jdk8u40\3098\hotspot\srvü6Ç£’ @
Event: 8.286 Thread 0x0000000002380800 Exception <a 'java/lang/NoSuchMethodError': Method sun.misc.Unsafe.prefetchRead(Ljava/lang/Object;J)V name or signature does not match> (0x00000000eab0d518) thrown at [D:\re\workspace\8-2-build-windows-amd64-cygwin\jdk8u40\3098\hotspot\src\share\vm\prims\jæy|ºH.5@
Event: 21.181 Thread 0x0000000002380800 Implicit null exception at 0x00000000027d1e78 to 0x00000000027d4255

Events (10 events):
Event: 26.544 Thread 0x00000000165e6000 DEOPT PACKING pc=0x0000000002d294d0 sp=0x000000001729eda0
Event: 26.544 Thread 0x00000000165e6000 DEOPT UNPACKING pc=0x00000000024c582a sp=0x000000001729ed28 mode 2
Event: 26.544 Thread 0x00000000165e6000 Uncommon trap: trap_request=0xffffffc6 fr.pc=0x0000000002d294d0
Event: 26.544 Thread 0x00000000165e6000 DEOPT PACKING pc=0x0000000002d294d0 sp=0x000000001729eda0
Event: 26.544 Thread 0x00000000165e6000 DEOPT UNPACKING pc=0x00000000024c582a sp=0x000000001729ed28 mode 2
Event: 26.544 Thread 0x00000000165e6000 Uncommon trap: trap_request=0xffffffc6 fr.pc=0x0000000002d294d0
Event: 26.544 Thread 0x00000000165e6000 DEOPT PACKING pc=0x0000000002d294d0 sp=0x000000001729eda0
Event: 26.544 Thread 0x00000000165e6000 DEOPT UNPACKING pc=0x00000000024c582a sp=0x000000001729ed28 mode 2
Event: 26.977 loading class com/android/dx/dex/file/ProtoIdItem
Event: 26.977 loading class com/android/dx/dex/file/ProtoIdItem done


Dynamic libraries:
0x00007ff724ac0000 - 0x00007ff724af7000 	C:\Program Files\Java\jdk1.8.0_40\bin\java.exe
0x00007ff9a9ff0000 - 0x00007ff9aa1b2000 	C:\WINDOWS\SYSTEM32\ntdll.dll
0x00007ff9a9400000 - 0x00007ff9a94ad000 	C:\WINDOWS\system32\KERNEL32.DLL
0x00007ff9a74d0000 - 0x00007ff9a76ad000 	C:\WINDOWS\system32\KERNELBASE.dll
0x00007ff9a9870000 - 0x00007ff9a9916000 	C:\WINDOWS\system32\ADVAPI32.dll
0x00007ff9a9d20000 - 0x00007ff9a9dbd000 	C:\WINDOWS\system32\msvcrt.dll
0x00007ff9a7790000 - 0x00007ff9a77eb000 	C:\WINDOWS\system32\sechost.dll
0x00007ff9a94b0000 - 0x00007ff9a95d6000 	C:\WINDOWS\system32\RPCRT4.dll
0x00007ff9a92b0000 - 0x00007ff9a93fe000 	C:\WINDOWS\system32\USER32.dll
0x00007ff9a9110000 - 0x00007ff9a9295000 	C:\WINDOWS\system32\GDI32.dll
0x00007ff9a2af0000 - 0x00007ff9a2d64000 	C:\WINDOWS\WinSxS\amd64_microsoft.windows.common-controls_6595b64144ccf1df_6.0.10240.17184_none_f41d7a705752bce6\COMCTL32.dll
0x00007ff9a7750000 - 0x00007ff9a7786000 	C:\WINDOWS\system32\IMM32.DLL
0x00007ff9a9dc0000 - 0x00007ff9a9f1c000 	C:\WINDOWS\system32\MSCTF.dll
0x000000005c8c0000 - 0x000000005c992000 	C:\Program Files\Java\jdk1.8.0_40\jre\bin\msvcr100.dll
0x000000005b180000 - 0x000000005ba03000 	C:\Program Files\Java\jdk1.8.0_40\jre\bin\server\jvm.dll
0x00007ff9a7720000 - 0x00007ff9a7728000 	C:\WINDOWS\system32\PSAPI.DLL
0x00007ff9a52d0000 - 0x00007ff9a52f3000 	C:\WINDOWS\SYSTEM32\WINMM.dll
0x00007ff9a3ce0000 - 0x00007ff9a3cea000 	C:\WINDOWS\SYSTEM32\VERSION.dll
0x00007ff9a52a0000 - 0x00007ff9a52cc000 	C:\WINDOWS\SYSTEM32\WINMMBASE.dll
0x00007ff9a5260000 - 0x00007ff9a5269000 	C:\WINDOWS\SYSTEM32\WSOCK32.dll
0x00007ff9a70e0000 - 0x00007ff9a7124000 	C:\WINDOWS\system32\cfgmgr32.dll
0x00007ff9a8ed0000 - 0x00007ff9a8f39000 	C:\WINDOWS\system32\WS2_32.dll
0x00007ff9a5510000 - 0x00007ff9a5537000 	C:\WINDOWS\SYSTEM32\DEVOBJ.dll
0x00007ff9a9f20000 - 0x00007ff9a9f28000 	C:\WINDOWS\system32\NSI.dll
0x000000005c8b0000 - 0x000000005c8bf000 	C:\Program Files\Java\jdk1.8.0_40\jre\bin\verify.dll
0x000000005c880000 - 0x000000005c8a9000 	C:\Program Files\Java\jdk1.8.0_40\jre\bin\java.dll
0x000000005c860000 - 0x000000005c876000 	C:\Program Files\Java\jdk1.8.0_40\jre\bin\zip.dll
0x00007ff9a77f0000 - 0x00007ff9a8d13000 	C:\WINDOWS\system32\SHELL32.dll
0x00007ff9a6ab0000 - 0x00007ff9a70d9000 	C:\WINDOWS\system32\windows.storage.dll
0x00007ff9a9920000 - 0x00007ff9a9b9c000 	C:\WINDOWS\system32\combase.dll
0x00007ff9a9f90000 - 0x00007ff9a9fe1000 	C:\WINDOWS\system32\shlwapi.dll
0x00007ff9a6aa0000 - 0x00007ff9a6aaf000 	C:\WINDOWS\system32\kernel.appcore.dll
0x00007ff9a7410000 - 0x00007ff9a74c3000 	C:\WINDOWS\system32\shcore.dll
0x00007ff9a6a30000 - 0x00007ff9a6a7a000 	C:\WINDOWS\system32\powrprof.dll
0x00007ff9a6a10000 - 0x00007ff9a6a23000 	C:\WINDOWS\system32\profapi.dll
0x00007ff99ca00000 - 0x00007ff99cb8a000 	C:\WINDOWS\SYSTEM32\dbghelp.dll

VM Arguments:
jvm_args: -Djava.awt.headless=true -Xmx1024M -Dfile.encoding=windows-1252 -Duser.country=US -Duser.language=en -Duser.variant 
java_command: com.android.dx.command.Main --dex --force-jumbo --num-threads=4 --multi-dex --output C:\tmp\S12.04-Solution-ResourceQualifiers\wearable\intermediates\transforms\dex\debug\folders\1000\10\internal_impl-24.0.0_bcda24d6f9a128f3c8d589edfe2843ea0b2ff52d C:\tmp\S12.04-Solution-ResourceQualifiers\wearable\intermediates\exploded-aar\com.android.support\support-v4\24.0.0\jars\libs\internal_impl-24.0.0.jar
java_class_path (initial): C:\Users\gowth\AppData\Local\Android\sdk1\build-tools\25.0.2\lib\dx.jar
Launcher Type: SUN_STANDARD

Environment Variables:
JAVA_HOME=C:\Program Files\Java\jdk1.8.0_40
PATH=C:\ProgramData\Oracle\Java\javapath;C:\Program Files (x86)\Verisium\vPerformer\Bin;C:\Program Files\Java\jdk1.8.0_40\bin;C:\Program Files\nodejs\;C:\Users\gowth\Downloads\android-ndk-r13b\;C:\gradle-3.3\bin\;C:\Android;C:\Windows\System32;C:\Users\gowth\AppData\Roaming\npm;C:\gradle-3.3\bin\
USERNAME=gowth
OS=Windows_NT
PROCESSOR_IDENTIFIER=Intel64 Family 6 Model 69 Stepping 1, GenuineIntel



---------------  S Y S T E M  ---------------

OS: Windows 10.0 , 64 bit Build 10240 (10.0.10240.17113)

CPU:total 4 (2 cores per cpu, 2 threads per core) family 6 model 69 stepping 1, cmov, cx8, fxsr, mmx, sse, sse2, sse3, ssse3, sse4.1, sse4.2, popcnt, avx, avx2, aes, clmul, erms, lzcnt, ht, tsc, tscinvbit, bmi1, bmi2

Memory: 4k page, physical 3923764k(44884k free), swap 9178520k(5248k free)

vm_info: Java HotSpot(TM) 64-Bit Server VM (25.40-b25) for windows-amd64 JRE (1.8.0_40-b26), built on Mar  7 2015 13:51:59 by "java_re" with MS VC++ 10.0 (VS2010)

time: Sat Feb 18 15:32:22 2017
elapsed time: 28 seconds (0d 0h 0m 28s)

