#
# There is insufficient memory for the Java Runtime Environment to continue.
# Native memory allocation (malloc) failed to allocate 262160 bytes for Chunk::new
# Possible reasons:
#   The system is out of physical RAM or swap space
#   In 32 bit mode, the process size limit was hit
# Possible solutions:
#   Reduce memory load on the system
#   Increase physical memory or swap space
#   Check if swap backing store is full
#   Use 64 bit Java on a 64 bit OS
#   Decrease Java heap size (-Xmx/-Xms)
#   Decrease number of Java threads
#   Decrease Java thread stack sizes (-Xss)
#   Set larger code cache with -XX:ReservedCodeCacheSize=
# This output file may be truncated or incomplete.
#
#  Out of Memory Error (allocation.cpp:390), pid=7080, tid=8396
#
# JRE version: Java(TM) SE Runtime Environment (8.0_40-b26) (build 1.8.0_40-b26)
# Java VM: Java HotSpot(TM) 64-Bit Server VM (25.40-b25 mixed mode windows-amd64 compressed oops)
# Failed to write core dump. Minidumps are not enabled by default on client versions of Windows
#

---------------  T H R E A D  ---------------

Current thread (0x0000000014bfe000):  JavaThread "C2 CompilerThread0" daemon [_thread_in_native, id=8396, stack(0x0000000016160000,0x0000000016260000)]

Stack: [0x0000000016160000,0x0000000016260000]
Native frames: (J=compiled Java code, j=interpreted, Vv=VM code, C=native code)
V  [jvm.dll+0x32b47a]
V  [jvm.dll+0x2797f3]
V  [jvm.dll+0x27a489]
V  [jvm.dll+0x2717a5]
V  [jvm.dll+0xcb9a2]
V  [jvm.dll+0xcbe6c]
V  [jvm.dll+0xcc1c4]
V  [jvm.dll+0x4ea1f0]
V  [jvm.dll+0x4c26ce]
V  [jvm.dll+0x4c3ad3]
V  [jvm.dll+0x4c3da1]
V  [jvm.dll+0x4c42ea]
V  [jvm.dll+0x4c467f]
V  [jvm.dll+0x4c4693]
V  [jvm.dll+0x4c4693]
V  [jvm.dll+0x4c4693]
V  [jvm.dll+0x4c4693]
V  [jvm.dll+0x4c4693]
V  [jvm.dll+0x4c4693]
V  [jvm.dll+0x4c4693]
V  [jvm.dll+0x4c4693]
V  [jvm.dll+0x4b9a61]
V  [jvm.dll+0x46baa8]
V  [jvm.dll+0x46ccbe]
V  [jvm.dll+0x4500d2]
V  [jvm.dll+0xa4312]
V  [jvm.dll+0xa4c4f]
V  [jvm.dll+0x241914]
V  [jvm.dll+0x29848a]
C  [msvcr100.dll+0x21d9f]
C  [msvcr100.dll+0x21e3b]
C  [KERNEL32.DLL+0x12d92]
C  [ntdll.dll+0x9f64]


Current CompileTask:
C2:  35094 1738   !   4       com.android.dx.cf.code.Ropper::processBlock (1101 bytes)


---------------  P R O C E S S  ---------------

Java Threads: ( => current thread )
  0x000000001665c000 JavaThread "pool-2-thread-4" [_thread_blocked, id=8748, stack(0x0000000016e60000,0x0000000016f60000)]
  0x000000001665b800 JavaThread "pool-2-thread-3" [_thread_blocked, id=8480, stack(0x0000000016d60000,0x0000000016e60000)]
  0x0000000016604000 JavaThread "pool-2-thread-2" [_thread_blocked, id=8856, stack(0x0000000016c60000,0x0000000016d60000)]
  0x00000000165fb800 JavaThread "pool-3-thread-1" [_thread_blocked, id=7576, stack(0x0000000016b60000,0x0000000016c60000)]
  0x000000001663e000 JavaThread "pool-2-thread-1" [_thread_in_vm, id=8452, stack(0x0000000016a60000,0x0000000016b60000)]
  0x0000000016375800 JavaThread "Service Thread" daemon [_thread_blocked, id=7684, stack(0x0000000016860000,0x0000000016960000)]
  0x0000000016368800 JavaThread "C1 CompilerThread2" daemon [_thread_in_native, id=9180, stack(0x0000000016760000,0x0000000016860000)]
  0x0000000014c00000 JavaThread "C2 CompilerThread1" daemon [_thread_in_native, id=7448, stack(0x0000000016260000,0x0000000016360000)]
=>0x0000000014bfe000 JavaThread "C2 CompilerThread0" daemon [_thread_in_native, id=8396, stack(0x0000000016160000,0x0000000016260000)]
  0x0000000014bfb000 JavaThread "Attach Listener" daemon [_thread_blocked, id=8592, stack(0x0000000016060000,0x0000000016160000)]
  0x0000000014bfa800 JavaThread "Signal Dispatcher" daemon [_thread_blocked, id=7652, stack(0x0000000015f60000,0x0000000016060000)]
  0x0000000002521000 JavaThread "Finalizer" daemon [_thread_blocked, id=2652, stack(0x0000000015e60000,0x0000000015f60000)]
  0x000000000251e000 JavaThread "Reference Handler" daemon [_thread_blocked, id=6856, stack(0x0000000015d60000,0x0000000015e60000)]
  0x0000000002430800 JavaThread "main" [_thread_blocked, id=8760, stack(0x0000000002330000,0x0000000002430000)]

Other Threads:
  0x0000000014bc8000 VMThread [stack: 0x0000000015c60000,0x0000000015d60000] [id=1908]
  0x0000000016377000 WatcherThread [stack: 0x0000000016960000,0x0000000016a60000] [id=4972]

VM state:synchronizing (normal execution)

VM Mutex/Monitor currently owned by a thread:  ([mutex/lock_event])
[0x000000000232ca50] Threads_lock - owner thread: 0x0000000014bc8000
[0x000000000232bf50] Heap_lock - owner thread: 0x000000001665b800

Heap:
 PSYoungGen      total 39424K, used 38592K [0x00000000eab00000, 0x00000000ef800000, 0x0000000100000000)
  eden space 30720K, 100% used [0x00000000eab00000,0x00000000ec900000,0x00000000ec900000)
  from space 8704K, 90% used [0x00000000eef80000,0x00000000ef730028,0x00000000ef800000)
  to   space 2560K, 0% used [0x00000000ec900000,0x00000000ec900000,0x00000000ecb80000)
 ParOldGen       total 40960K, used 11205K [0x00000000c0000000, 0x00000000c2800000, 0x00000000eab00000)
  object space 40960K, 27% used [0x00000000c0000000,0x00000000c0af14c0,0x00000000c2800000)
 Metaspace       used 6271K, capacity 7152K, committed 7296K, reserved 1056768K
  class space    used 594K, capacity 616K, committed 640K, reserved 1048576K

Card table byte_map: [0x00000000118f0000,0x0000000011b00000] byte_map_base: 0x00000000112f0000

Marking Bits: (ParMarkBitMap*) 0x000000005b984040
 Begin Bits: [0x0000000012060000, 0x0000000013060000)
 End Bits:   [0x0000000013060000, 0x0000000014060000)

Polling page: 0x00000000009e0000

CodeCache: size=245760Kb used=7803Kb max_used=7806Kb free=237957Kb
 bounds [0x0000000002530000, 0x0000000002ce0000, 0x0000000011530000]
 total_blobs=2056 nmethods=1785 adapters=183
 compilation: enabled

Compilation events (10 events):
Event: 23.422 Thread 0x0000000016368800 nmethod 1819 0x0000000002cb3490 code [0x0000000002cb3640, 0x0000000002cb3eb8]
Event: 23.422 Thread 0x0000000014c00000 nmethod 1800 0x0000000002cb04d0 code [0x0000000002cb0620, 0x0000000002cb08d8]
Event: 23.422 Thread 0x0000000014c00000 1790       4       com.android.dx.ssa.SCCP::simulatePhiBlock (50 bytes)
Event: 23.466 Thread 0x0000000016368800 1820       3       com.android.dx.cf.code.LocalVariableList::get (9 bytes)
Event: 23.466 Thread 0x0000000016368800 nmethod 1820 0x0000000002cd1050 code [0x0000000002cd11c0, 0x0000000002cd14a8]
Event: 23.467 Thread 0x0000000016368800 1821       3       com.android.dx.cf.code.LocalVariableList::set (21 bytes)
Event: 23.468 Thread 0x0000000016368800 nmethod 1821 0x0000000002ccff50 code [0x0000000002cd0140, 0x0000000002cd0a38]
Event: 23.469 Thread 0x0000000016368800 1823       1       com.android.dx.cf.code.ByteOps::opInfo (6 bytes)
Event: 23.469 Thread 0x0000000016368800 nmethod 1823 0x0000000002ccfc10 code [0x0000000002ccfd60, 0x0000000002ccfe70]
Event: 23.475 Thread 0x0000000016368800 1824       3       com.android.dx.ssa.LocalVariableExtractor::processBlock (383 bytes)

GC Heap History (10 events):
Event: 4.008 GC heap before
{Heap before GC invocations=1 (full 0):
 PSYoungGen      total 17920K, used 15360K [0x00000000eab00000, 0x00000000ebf00000, 0x0000000100000000)
  eden space 15360K, 100% used [0x00000000eab00000,0x00000000eba00000,0x00000000eba00000)
  from space 2560K, 0% used [0x00000000ebc80000,0x00000000ebc80000,0x00000000ebf00000)
  to   space 2560K, 0% used [0x00000000eba00000,0x00000000eba00000,0x00000000ebc80000)
 ParOldGen       total 40960K, used 0K [0x00000000c0000000, 0x00000000c2800000, 0x00000000eab00000)
  object space 40960K, 0% used [0x00000000c0000000,0x00000000c0000000,0x00000000c2800000)
 Metaspace       used 3884K, capacity 5040K, committed 5120K, reserved 1056768K
  class space    used 430K, capacity 488K, committed 512K, reserved 1048576K
Event: 4.011 GC heap after
Heap after GC invocations=1 (full 0):
 PSYoungGen      total 17920K, used 1461K [0x00000000eab00000, 0x00000000ebf00000, 0x0000000100000000)
  eden space 15360K, 0% used [0x00000000eab00000,0x00000000eab00000,0x00000000eba00000)
  from space 2560K, 57% used [0x00000000eba00000,0x00000000ebb6d628,0x00000000ebc80000)
  to   space 2560K, 0% used [0x00000000ebc80000,0x00000000ebc80000,0x00000000ebf00000)
 ParOldGen       total 40960K, used 8K [0x00000000c0000000, 0x00000000c2800000, 0x00000000eab00000)
  object space 40960K, 0% used [0x00000000c0000000,0x00000000c0002000,0x00000000c2800000)
 Metaspace       used 3884K, capacity 5040K, committed 5120K, reserved 1056768K
  class space    used 430K, capacity 488K, committed 512K, reserved 1048576K
}
Event: 13.457 GC heap before
{Heap before GC invocations=2 (full 0):
 PSYoungGen      total 17920K, used 16821K [0x00000000eab00000, 0x00000000ebf00000, 0x0000000100000000)
  eden space 15360K, 100% used [0x00000000eab00000,0x00000000eba00000,0x00000000eba00000)
  from space 2560K, 57% used [0x00000000eba00000,0x00000000ebb6d628,0x00000000ebc80000)
  to   space 2560K, 0% used [0x00000000ebc80000,0x00000000ebc80000,0x00000000ebf00000)
 ParOldGen       total 40960K, used 8K [0x00000000c0000000, 0x00000000c2800000, 0x00000000eab00000)
  object space 40960K, 0% used [0x00000000c0000000,0x00000000c0002000,0x00000000c2800000)
 Metaspace       used 5976K, capacity 6896K, committed 7040K, reserved 1056768K
  class space    used 589K, capacity 616K, committed 640K, reserved 1048576K
Event: 13.758 GC heap after
Heap after GC invocations=2 (full 0):
 PSYoungGen      total 17920K, used 2538K [0x00000000eab00000, 0x00000000ece00000, 0x0000000100000000)
  eden space 15360K, 0% used [0x00000000eab00000,0x00000000eab00000,0x00000000eba00000)
  from space 2560K, 99% used [0x00000000ebc80000,0x00000000ebefaaa8,0x00000000ebf00000)
  to   space 2560K, 0% used [0x00000000eba00000,0x00000000eba00000,0x00000000ebc80000)
 ParOldGen       total 40960K, used 1668K [0x00000000c0000000, 0x00000000c2800000, 0x00000000eab00000)
  object space 40960K, 4% used [0x00000000c0000000,0x00000000c01a13a0,0x00000000c2800000)
 Metaspace       used 5976K, capacity 6896K, committed 7040K, reserved 1056768K
  class space    used 589K, capacity 616K, committed 640K, reserved 1048576K
}
Event: 18.098 GC heap before
{Heap before GC invocations=3 (full 0):
 PSYoungGen      total 17920K, used 17898K [0x00000000eab00000, 0x00000000ece00000, 0x0000000100000000)
  eden space 15360K, 100% used [0x00000000eab00000,0x00000000eba00000,0x00000000eba00000)
  from space 2560K, 99% used [0x00000000ebc80000,0x00000000ebefaaa8,0x00000000ebf00000)
  to   space 2560K, 0% used [0x00000000eba00000,0x00000000eba00000,0x00000000ebc80000)
 ParOldGen       total 40960K, used 1668K [0x00000000c0000000, 0x00000000c2800000, 0x00000000eab00000)
  object space 40960K, 4% used [0x00000000c0000000,0x00000000c01a13a0,0x00000000c2800000)
 Metaspace       used 6157K, capacity 7088K, committed 7296K, reserved 1056768K
  class space    used 593K, capacity 616K, committed 640K, reserved 1048576K
Event: 18.337 GC heap after
Heap after GC invocations=3 (full 0):
 PSYoungGen      total 17920K, used 2554K [0x00000000eab00000, 0x00000000ece00000, 0x0000000100000000)
  eden space 15360K, 0% used [0x00000000eab00000,0x00000000eab00000,0x00000000eba00000)
  from space 2560K, 99% used [0x00000000eba00000,0x00000000ebc7eaa8,0x00000000ebc80000)
  to   space 2560K, 0% used [0x00000000ecb80000,0x00000000ecb80000,0x00000000ece00000)
 ParOldGen       total 40960K, used 4271K [0x00000000c0000000, 0x00000000c2800000, 0x00000000eab00000)
  object space 40960K, 10% used [0x00000000c0000000,0x00000000c042bd58,0x00000000c2800000)
 Metaspace       used 6157K, capacity 7088K, committed 7296K, reserved 1056768K
  class space    used 593K, capacity 616K, committed 640K, reserved 1048576K
}
Event: 20.390 GC heap before
{Heap before GC invocations=4 (full 0):
 PSYoungGen      total 17920K, used 17914K [0x00000000eab00000, 0x00000000ece00000, 0x0000000100000000)
  eden space 15360K, 100% used [0x00000000eab00000,0x00000000eba00000,0x00000000eba00000)
  from space 2560K, 99% used [0x00000000eba00000,0x00000000ebc7eaa8,0x00000000ebc80000)
  to   space 2560K, 0% used [0x00000000ecb80000,0x00000000ecb80000,0x00000000ece00000)
 ParOldGen       total 40960K, used 4271K [0x00000000c0000000, 0x00000000c2800000, 0x00000000eab00000)
  object space 40960K, 10% used [0x00000000c0000000,0x00000000c042bd58,0x00000000c2800000)
 Metaspace       used 6200K, capacity 7088K, committed 7296K, reserved 1056768K
  class space    used 593K, capacity 616K, committed 640K, reserved 1048576K
Event: 20.572 GC heap after
Heap after GC invocations=4 (full 0):
 PSYoungGen      total 33280K, used 2544K [0x00000000eab00000, 0x00000000ece00000, 0x0000000100000000)
  eden space 30720K, 0% used [0x00000000eab00000,0x00000000eab00000,0x00000000ec900000)
  from space 2560K, 99% used [0x00000000ecb80000,0x00000000ecdfc038,0x00000000ece00000)
  to   space 2560K, 0% used [0x00000000ec900000,0x00000000ec900000,0x00000000ecb80000)
 ParOldGen       total 40960K, used 6500K [0x00000000c0000000, 0x00000000c2800000, 0x00000000eab00000)
  object space 40960K, 15% used [0x00000000c0000000,0x00000000c0659060,0x00000000c2800000)
 Metaspace       used 6200K, capacity 7088K, committed 7296K, reserved 1056768K
  class space    used 593K, capacity 616K, committed 640K, reserved 1048576K
}
Event: 23.222 GC heap before
{Heap before GC invocations=5 (full 0):
 PSYoungGen      total 33280K, used 33264K [0x00000000eab00000, 0x00000000ece00000, 0x0000000100000000)
  eden space 30720K, 100% used [0x00000000eab00000,0x00000000ec900000,0x00000000ec900000)
  from space 2560K, 99% used [0x00000000ecb80000,0x00000000ecdfc038,0x00000000ece00000)
  to   space 2560K, 0% used [0x00000000ec900000,0x00000000ec900000,0x00000000ecb80000)
 ParOldGen       total 40960K, used 6500K [0x00000000c0000000, 0x00000000c2800000, 0x00000000eab00000)
  object space 40960K, 15% used [0x00000000c0000000,0x00000000c0659060,0x00000000c2800000)
 Metaspace       used 6266K, capacity 7152K, committed 7296K, reserved 1056768K
  class space    used 594K, capacity 616K, committed 640K, reserved 1048576K
Event: 23.384 GC heap after
Heap after GC invocations=5 (full 0):
 PSYoungGen      total 33280K, used 2528K [0x00000000eab00000, 0x00000000ef800000, 0x0000000100000000)
  eden space 30720K, 0% used [0x00000000eab00000,0x00000000eab00000,0x00000000ec900000)
  from space 2560K, 98% used [0x00000000ec900000,0x00000000ecb78028,0x00000000ecb80000)
  to   space 8704K, 0% used [0x00000000eef80000,0x00000000eef80000,0x00000000ef800000)
 ParOldGen       total 40960K, used 11205K [0x00000000c0000000, 0x00000000c2800000, 0x00000000eab00000)
  object space 40960K, 27% used [0x00000000c0000000,0x00000000c0af14c0,0x00000000c2800000)
 Metaspace       used 6266K, capacity 7152K, committed 7296K, reserved 1056768K
  class space    used 594K, capacity 616K, committed 640K, reserved 1048576K
}

Deoptimization events (10 events):
Event: 20.829 Thread 0x000000001665c000 Uncommon trap: reason=class_check action=maybe_recompile pc=0x0000000002ba9b6c method=com.android.dx.ssa.SCCP.simulatePhi(Lcom/android/dx/ssa/PhiInsn;)V @ 124
Event: 20.939 Thread 0x000000001663e000 Uncommon trap: reason=null_check action=make_not_entrant pc=0x0000000002c3a3f4 method=com.android.dx.ssa.SsaRenamer.getLocalForNewReg(I)Lcom/android/dx/rop/code/LocalItem; @ 19
Event: 23.468 Thread 0x000000001665b800 Uncommon trap: reason=bimorphic action=maybe_recompile pc=0x0000000002cbbd1c method=com.android.dx.cf.code.BytecodeArray.parseInstruction(ILcom/android/dx/cf/code/BytecodeArray$Visitor;)I @ 1130
Event: 23.468 Thread 0x000000001665b800 Uncommon trap: reason=bimorphic action=maybe_recompile pc=0x0000000002cbbc44 method=com.android.dx.cf.code.BytecodeArray.parseInstruction(ILcom/android/dx/cf/code/BytecodeArray$Visitor;)I @ 1051
Event: 23.468 Thread 0x000000001665b800 Uncommon trap: reason=class_check action=maybe_recompile pc=0x0000000002cbb54c method=com.android.dx.cf.code.BytecodeArray.parseInstruction(ILcom/android/dx/cf/code/BytecodeArray$Visitor;)I @ 2253
Event: 23.469 Thread 0x000000001665b800 Uncommon trap: reason=class_check action=maybe_recompile pc=0x0000000002cbb54c method=com.android.dx.cf.code.BytecodeArray.parseInstruction(ILcom/android/dx/cf/code/BytecodeArray$Visitor;)I @ 2253
Event: 23.469 Thread 0x000000001665b800 Uncommon trap: reason=class_check action=maybe_recompile pc=0x0000000002cbae84 method=com.android.dx.cf.code.BytecodeArray.parseInstruction(ILcom/android/dx/cf/code/BytecodeArray$Visitor;)I @ 2167
Event: 23.469 Thread 0x000000001665b800 Uncommon trap: reason=class_check action=maybe_recompile pc=0x0000000002cbb54c method=com.android.dx.cf.code.BytecodeArray.parseInstruction(ILcom/android/dx/cf/code/BytecodeArray$Visitor;)I @ 2253
Event: 23.470 Thread 0x000000001665b800 Uncommon trap: reason=unstable_if action=reinterpret pc=0x0000000002b9ca94 method=com.android.dx.rop.code.RegisterSpecSet.localItemToSpec(Lcom/android/dx/rop/code/LocalItem;)Lcom/android/dx/rop/code/RegisterSpec; @ 35
Event: 23.486 Thread 0x000000001665b800 Uncommon trap: reason=null_check action=make_not_entrant pc=0x0000000002b52d24 method=com.android.dx.rop.type.Type.equals(Ljava/lang/Object;)Z @ 8

Internal exceptions (5 events):
Event: 1.895 Thread 0x0000000002430800 Exception <a 'java/lang/NoSuchMethodError': Method sun.misc.Unsafe.defineClass(Ljava/lang/String;[BII)Ljava/lang/Class; name or signature does not match> (0x00000000eab0d298) thrown at [D:\re\workspace\8-2-build-windows-amd64-cygwin\jdk8u40\3098\hotspot\srË§àåÙQþ?
Event: 1.895 Thread 0x0000000002430800 Exception <a 'java/lang/NoSuchMethodError': Method sun.misc.Unsafe.prefetchRead(Ljava/lang/Object;J)V name or signature does not match> (0x00000000eab0d528) thrown at [D:\re\workspace\8-2-build-windows-amd64-cygwin\jdk8u40\3098\hotspot\src\share\vm\prims\jì[<)Ñ4@
Event: 20.817 Thread 0x000000001665c000 Implicit null exception at 0x0000000002c27697 to 0x0000000002c29c4d
Event: 20.937 Thread 0x000000001663e000 Implicit null exception at 0x0000000002c37ce9 to 0x0000000002c3a3ad
Event: 23.486 Thread 0x000000001665b800 Implicit null exception at 0x0000000002b52c22 to 0x0000000002b52d15

Events (10 events):
Event: 23.469 Thread 0x000000001665b800 DEOPT UNPACKING pc=0x000000000257582a sp=0x0000000016e5e948 mode 2
Event: 23.469 Thread 0x000000001665b800 Uncommon trap: trap_request=0xffffffde fr.pc=0x0000000002cbb54c
Event: 23.469 Thread 0x000000001665b800 DEOPT PACKING pc=0x0000000002cbb54c sp=0x0000000016e5e990
Event: 23.469 Thread 0x000000001665b800 DEOPT UNPACKING pc=0x000000000257582a sp=0x0000000016e5e948 mode 2
Event: 23.470 Thread 0x000000001665b800 Uncommon trap: trap_request=0xffffff65 fr.pc=0x0000000002b9ca94
Event: 23.470 Thread 0x000000001665b800 DEOPT PACKING pc=0x0000000002b9ca94 sp=0x0000000016e5ea30
Event: 23.470 Thread 0x000000001665b800 DEOPT UNPACKING pc=0x000000000257582a sp=0x0000000016e5e988 mode 2
Event: 23.486 Thread 0x000000001665b800 Uncommon trap: trap_request=0xfffffff4 fr.pc=0x0000000002b52d24
Event: 23.486 Thread 0x000000001665b800 DEOPT PACKING pc=0x0000000002b52d24 sp=0x0000000016e5e5a0
Event: 23.486 Thread 0x000000001665b800 DEOPT UNPACKING pc=0x000000000257582a sp=0x0000000016e5e528 mode 2


Dynamic libraries:
0x00007ff724ac0000 - 0x00007ff724af7000 	C:\Program Files\Java\jdk1.8.0_40\bin\java.exe
0x00007ff9a9ff0000 - 0x00007ff9aa1b2000 	C:\WINDOWS\SYSTEM32\ntdll.dll
0x00007ff9a9400000 - 0x00007ff9a94ad000 	C:\WINDOWS\system32\KERNEL32.DLL
0x00007ff9a74d0000 - 0x00007ff9a76ad000 	C:\WINDOWS\system32\KERNELBASE.dll
0x00007ff9a9870000 - 0x00007ff9a9916000 	C:\WINDOWS\system32\ADVAPI32.dll
0x00007ff9a9d20000 - 0x00007ff9a9dbd000 	C:\WINDOWS\system32\msvcrt.dll
0x00007ff9a7790000 - 0x00007ff9a77eb000 	C:\WINDOWS\system32\sechost.dll
0x00007ff9a94b0000 - 0x00007ff9a95d6000 	C:\WINDOWS\system32\RPCRT4.dll
0x00007ff9a92b0000 - 0x00007ff9a93fe000 	C:\WINDOWS\system32\USER32.dll
0x00007ff9a9110000 - 0x00007ff9a9295000 	C:\WINDOWS\system32\GDI32.dll
0x00007ff9a2af0000 - 0x00007ff9a2d64000 	C:\WINDOWS\WinSxS\amd64_microsoft.windows.common-controls_6595b64144ccf1df_6.0.10240.17184_none_f41d7a705752bce6\COMCTL32.dll
0x00007ff9a7750000 - 0x00007ff9a7786000 	C:\WINDOWS\system32\IMM32.DLL
0x00007ff9a9dc0000 - 0x00007ff9a9f1c000 	C:\WINDOWS\system32\MSCTF.dll
0x000000005c8c0000 - 0x000000005c992000 	C:\Program Files\Java\jdk1.8.0_40\jre\bin\msvcr100.dll
0x000000005b180000 - 0x000000005ba03000 	C:\Program Files\Java\jdk1.8.0_40\jre\bin\server\jvm.dll
0x00007ff9a7720000 - 0x00007ff9a7728000 	C:\WINDOWS\system32\PSAPI.DLL
0x00007ff9a5260000 - 0x00007ff9a5269000 	C:\WINDOWS\SYSTEM32\WSOCK32.dll
0x00007ff9a8ed0000 - 0x00007ff9a8f39000 	C:\WINDOWS\system32\WS2_32.dll
0x00007ff9a9f20000 - 0x00007ff9a9f28000 	C:\WINDOWS\system32\NSI.dll
0x00007ff9a3ce0000 - 0x00007ff9a3cea000 	C:\WINDOWS\SYSTEM32\VERSION.dll
0x00007ff9a52d0000 - 0x00007ff9a52f3000 	C:\WINDOWS\SYSTEM32\WINMM.dll
0x00007ff9a52a0000 - 0x00007ff9a52cc000 	C:\WINDOWS\SYSTEM32\winmmbase.dll
0x00007ff9a70e0000 - 0x00007ff9a7124000 	C:\WINDOWS\system32\cfgmgr32.dll
0x00007ff9a5510000 - 0x00007ff9a5537000 	C:\WINDOWS\SYSTEM32\DEVOBJ.dll
0x000000005c8b0000 - 0x000000005c8bf000 	C:\Program Files\Java\jdk1.8.0_40\jre\bin\verify.dll
0x000000005c880000 - 0x000000005c8a9000 	C:\Program Files\Java\jdk1.8.0_40\jre\bin\java.dll
0x000000005c860000 - 0x000000005c876000 	C:\Program Files\Java\jdk1.8.0_40\jre\bin\zip.dll
0x00007ff9a77f0000 - 0x00007ff9a8d13000 	C:\WINDOWS\system32\SHELL32.dll
0x00007ff9a6ab0000 - 0x00007ff9a70d9000 	C:\WINDOWS\system32\windows.storage.dll
0x00007ff9a9920000 - 0x00007ff9a9b9c000 	C:\WINDOWS\system32\combase.dll
0x00007ff9a9f90000 - 0x00007ff9a9fe1000 	C:\WINDOWS\system32\shlwapi.dll
0x00007ff9a6aa0000 - 0x00007ff9a6aaf000 	C:\WINDOWS\system32\kernel.appcore.dll
0x00007ff9a7410000 - 0x00007ff9a74c3000 	C:\WINDOWS\system32\shcore.dll
0x00007ff9a6a30000 - 0x00007ff9a6a7a000 	C:\WINDOWS\system32\powrprof.dll
0x00007ff9a6a10000 - 0x00007ff9a6a23000 	C:\WINDOWS\system32\profapi.dll
0x00007ff99ca00000 - 0x00007ff99cb8a000 	C:\WINDOWS\SYSTEM32\dbghelp.dll

VM Arguments:
jvm_args: -Djava.awt.headless=true -Xmx1024M -Dfile.encoding=windows-1252 -Duser.country=US -Duser.language=en -Duser.variant 
java_command: com.android.dx.command.Main --dex --force-jumbo --num-threads=4 --multi-dex --output C:\tmp\S12.04-Solution-ResourceQualifiers\wearable\intermediates\transforms\dex\debug\folders\1000\10\com.android.support-support-compat-25.1.1_5cb3fe093c827039d53be4edcca5a883704d04e4 C:\tmp\S12.04-Solution-ResourceQualifiers\wearable\intermediates\exploded-aar\com.android.support\support-compat\25.1.1\jars\classes.jar
java_class_path (initial): C:\Users\gowth\AppData\Local\Android\sdk1\build-tools\25.0.2\lib\dx.jar
Launcher Type: SUN_STANDARD

Environment Variables:
JAVA_HOME=C:\Program Files\Java\jdk1.8.0_40
PATH=C:\ProgramData\Oracle\Java\javapath;C:\Program Files (x86)\Verisium\vPerformer\Bin;C:\Program Files\Java\jdk1.8.0_40\bin;C:\Program Files\nodejs\;C:\Users\gowth\Downloads\android-ndk-r13b\;C:\gradle-3.3\bin\;C:\Android;C:\Windows\System32;C:\Users\gowth\AppData\Roaming\npm;C:\gradle-3.3\bin\
USERNAME=gowth
OS=Windows_NT
PROCESSOR_IDENTIFIER=Intel64 Family 6 Model 69 Stepping 1, GenuineIntel



---------------  S Y S T E M  ---------------

OS: Windows 10.0 , 64 bit Build 10240 (10.0.10240.17113)

CPU:total 4 (2 cores per cpu, 2 threads per core) family 6 model 69 stepping 1, cmov, cx8, fxsr, mmx, sse, sse2, sse3, ssse3, sse4.1, sse4.2, popcnt, avx, avx2, aes, clmul, erms, lzcnt, ht, tsc, tscinvbit, bmi1, bmi2

Memory: 4k page, physical 3923764k(119404k free), swap 9126292k(288k free)

vm_info: Java HotSpot(TM) 64-Bit Server VM (25.40-b25) for windows-amd64 JRE (1.8.0_40-b26), built on Mar  7 2015 13:51:59 by "java_re" with MS VC++ 10.0 (VS2010)

time: Sat Feb 18 15:31:19 2017
elapsed time: 36 seconds (0d 0h 0m 36s)

