#
# There is insufficient memory for the Java Runtime Environment to continue.
# Native memory allocation (malloc) failed to allocate 32744 bytes for ChunkPool::allocate
# Possible reasons:
#   The system is out of physical RAM or swap space
#   In 32 bit mode, the process size limit was hit
# Possible solutions:
#   Reduce memory load on the system
#   Increase physical memory or swap space
#   Check if swap backing store is full
#   Use 64 bit Java on a 64 bit OS
#   Decrease Java heap size (-Xmx/-Xms)
#   Decrease number of Java threads
#   Decrease Java thread stack sizes (-Xss)
#   Set larger code cache with -XX:ReservedCodeCacheSize=
# This output file may be truncated or incomplete.
#
#  Out of Memory Error (allocation.cpp:273), pid=4620, tid=4112
#
# JRE version: Java(TM) SE Runtime Environment (8.0_40-b26) (build 1.8.0_40-b26)
# Java VM: Java HotSpot(TM) 64-Bit Server VM (25.40-b25 mixed mode windows-amd64 compressed oops)
# Failed to write core dump. Minidumps are not enabled by default on client versions of Windows
#

---------------  T H R E A D  ---------------

Current thread (0x0000000014ab9800):  JavaThread "C2 CompilerThread1" daemon [_thread_in_native, id=4112, stack(0x00000000160b0000,0x00000000161b0000)]

Stack: [0x00000000160b0000,0x00000000161b0000]
Native frames: (J=compiled Java code, j=interpreted, Vv=VM code, C=native code)
V  [jvm.dll+0x32b47a]


Current CompileTask:
C2:  26635 1754   !   4       com.android.dx.cf.cst.ConstantPoolParser::parse0 (731 bytes)


---------------  P R O C E S S  ---------------

Java Threads: ( => current thread )
  0x0000000016526000 JavaThread "pool-2-thread-4" [_thread_blocked, id=6524, stack(0x00000000174b0000,0x00000000175b0000)]
  0x0000000016525000 JavaThread "pool-2-thread-3" [_thread_in_vm, id=1320, stack(0x00000000173b0000,0x00000000174b0000)]
  0x0000000016524000 JavaThread "pool-2-thread-2" [_thread_blocked, id=2932, stack(0x00000000172b0000,0x00000000173b0000)]
  0x0000000016618800 JavaThread "pool-3-thread-1" [_thread_blocked, id=8208, stack(0x00000000171b0000,0x00000000172b0000)]
  0x00000000165c6000 JavaThread "pool-2-thread-1" [_thread_blocked, id=8892, stack(0x00000000170b0000,0x00000000171b0000)]
  0x00000000162bb800 JavaThread "Service Thread" daemon [_thread_blocked, id=2596, stack(0x00000000166b0000,0x00000000167b0000)]
  0x0000000014abc800 JavaThread "C1 CompilerThread2" daemon [_thread_in_vm, id=9048, stack(0x00000000161b0000,0x00000000162b0000)]
=>0x0000000014ab9800 JavaThread "C2 CompilerThread1" daemon [_thread_in_native, id=4112, stack(0x00000000160b0000,0x00000000161b0000)]
  0x0000000014a5e000 JavaThread "C2 CompilerThread0" daemon [_thread_in_native, id=8660, stack(0x0000000015fb0000,0x00000000160b0000)]
  0x0000000014a5b000 JavaThread "Attach Listener" daemon [_thread_blocked, id=8808, stack(0x0000000015eb0000,0x0000000015fb0000)]
  0x0000000014a5a000 JavaThread "Signal Dispatcher" daemon [_thread_blocked, id=5736, stack(0x0000000015db0000,0x0000000015eb0000)]
  0x0000000002381000 JavaThread "Finalizer" daemon [_thread_blocked, id=6804, stack(0x0000000015cb0000,0x0000000015db0000)]
  0x000000000237e000 JavaThread "Reference Handler" daemon [_thread_blocked, id=8956, stack(0x0000000015bb0000,0x0000000015cb0000)]
  0x0000000002290800 JavaThread "main" [_thread_blocked, id=8632, stack(0x0000000002190000,0x0000000002290000)]

Other Threads:
  0x0000000014a28000 VMThread [stack: 0x0000000015ab0000,0x0000000015bb0000] [id=8236]
  0x00000000162b3800 WatcherThread [stack: 0x00000000167b0000,0x00000000168b0000] [id=4796]

VM state:synchronizing (normal execution)

VM Mutex/Monitor currently owned by a thread:  ([mutex/lock_event])
[0x000000000218c0d0] Threads_lock - owner thread: 0x0000000014a28000
[0x000000000218bd50] Heap_lock - owner thread: 0x0000000016524000

Heap:
 PSYoungGen      total 40960K, used 38584K [0x00000000eab00000, 0x00000000efb00000, 0x0000000100000000)
  eden space 30720K, 100% used [0x00000000eab00000,0x00000000ec900000,0x00000000ec900000)
  from space 10240K, 76% used [0x00000000ef100000,0x00000000ef8ae2f0,0x00000000efb00000)
  to   space 2560K, 0% used [0x00000000ec900000,0x00000000ec900000,0x00000000ecb80000)
 ParOldGen       total 40960K, used 12984K [0x00000000c0000000, 0x00000000c2800000, 0x00000000eab00000)
  object space 40960K, 31% used [0x00000000c0000000,0x00000000c0cae388,0x00000000c2800000)
 Metaspace       used 6227K, capacity 7152K, committed 7296K, reserved 1056768K
  class space    used 592K, capacity 616K, committed 640K, reserved 1048576K

Card table byte_map: [0x0000000011750000,0x0000000011960000] byte_map_base: 0x0000000011150000

Marking Bits: (ParMarkBitMap*) 0x000000005b984040
 Begin Bits: [0x0000000011ec0000, 0x0000000012ec0000)
 End Bits:   [0x0000000012ec0000, 0x0000000013ec0000)

Polling page: 0x0000000001fe0000

CodeCache: size=245760Kb used=8431Kb max_used=8431Kb free=237329Kb
 bounds [0x0000000002390000, 0x0000000002be0000, 0x0000000011390000]
 total_blobs=2064 nmethods=1795 adapters=182
 compilation: enabled

Compilation events (10 events):
Event: 23.190 Thread 0x0000000014abc800 nmethod 1814 0x0000000002bbf850 code [0x0000000002bbfcc0, 0x0000000002bc28f8]
Event: 23.192 Thread 0x0000000014abc800 1815       3       com.android.dx.dex.file.AnnotationUtils::makeSignature (251 bytes)
Event: 23.195 Thread 0x0000000014abc800 nmethod 1815 0x0000000002bca510 code [0x0000000002bca960, 0x0000000002bcd3c8]
Event: 23.546 Thread 0x0000000014abc800 1816       3       com.android.dx.cf.code.ByteCatchList::typeNotFound (47 bytes)
Event: 23.547 Thread 0x0000000014abc800 nmethod 1816 0x0000000002bbf090 code [0x0000000002bbf220, 0x0000000002bbf630]
Event: 23.551 Thread 0x0000000014abc800 1817       3       com.android.dx.cf.code.ExecutionStack::clear (40 bytes)
Event: 23.551 Thread 0x0000000014abc800 nmethod 1817 0x0000000002bcf290 code [0x0000000002bcf440, 0x0000000002bcf9a8]
Event: 23.555 Thread 0x0000000014abc800 1818       3       com.android.dx.ssa.back.IdenticalBlockCombiner::replaceSucc (83 bytes)
Event: 23.556 Thread 0x0000000014abc800 nmethod 1818 0x0000000002bcfc50 code [0x0000000002bcfe40, 0x0000000002bd0b78]
Event: 23.565 Thread 0x0000000014abc800 1820       3       com.android.dx.cf.code.Ropper$CatchInfo::getSetup (53 bytes)

GC Heap History (10 events):
Event: 13.224 GC heap before
{Heap before GC invocations=2 (full 0):
 PSYoungGen      total 17920K, used 16382K [0x00000000eab00000, 0x00000000ebf00000, 0x0000000100000000)
  eden space 15360K, 100% used [0x00000000eab00000,0x00000000eba00000,0x00000000eba00000)
  from space 2560K, 39% used [0x00000000eba00000,0x00000000ebaff9c8,0x00000000ebc80000)
  to   space 2560K, 0% used [0x00000000ebc80000,0x00000000ebc80000,0x00000000ebf00000)
 ParOldGen       total 40960K, used 0K [0x00000000c0000000, 0x00000000c2800000, 0x00000000eab00000)
  object space 40960K, 0% used [0x00000000c0000000,0x00000000c0000000,0x00000000c2800000)
 Metaspace       used 5884K, capacity 6832K, committed 7040K, reserved 1056768K
  class space    used 590K, capacity 616K, committed 640K, reserved 1048576K
Event: 13.729 GC heap after
Heap after GC invocations=2 (full 0):
 PSYoungGen      total 17920K, used 2538K [0x00000000eab00000, 0x00000000ece00000, 0x0000000100000000)
  eden space 15360K, 0% used [0x00000000eab00000,0x00000000eab00000,0x00000000eba00000)
  from space 2560K, 99% used [0x00000000ebc80000,0x00000000ebefaaa8,0x00000000ebf00000)
  to   space 2560K, 0% used [0x00000000eba00000,0x00000000eba00000,0x00000000ebc80000)
 ParOldGen       total 40960K, used 1536K [0x00000000c0000000, 0x00000000c2800000, 0x00000000eab00000)
  object space 40960K, 3% used [0x00000000c0000000,0x00000000c0180310,0x00000000c2800000)
 Metaspace       used 5884K, capacity 6832K, committed 7040K, reserved 1056768K
  class space    used 590K, capacity 616K, committed 640K, reserved 1048576K
}
Event: 16.398 GC heap before
{Heap before GC invocations=3 (full 0):
 PSYoungGen      total 17920K, used 17898K [0x00000000eab00000, 0x00000000ece00000, 0x0000000100000000)
  eden space 15360K, 100% used [0x00000000eab00000,0x00000000eba00000,0x00000000eba00000)
  from space 2560K, 99% used [0x00000000ebc80000,0x00000000ebefaaa8,0x00000000ebf00000)
  to   space 2560K, 0% used [0x00000000eba00000,0x00000000eba00000,0x00000000ebc80000)
 ParOldGen       total 40960K, used 1536K [0x00000000c0000000, 0x00000000c2800000, 0x00000000eab00000)
  object space 40960K, 3% used [0x00000000c0000000,0x00000000c0180310,0x00000000c2800000)
 Metaspace       used 6049K, capacity 6960K, committed 7040K, reserved 1056768K
  class space    used 592K, capacity 616K, committed 640K, reserved 1048576K
Event: 16.769 GC heap after
Heap after GC invocations=3 (full 0):
 PSYoungGen      total 17920K, used 2541K [0x00000000eab00000, 0x00000000ece00000, 0x0000000100000000)
  eden space 15360K, 0% used [0x00000000eab00000,0x00000000eab00000,0x00000000eba00000)
  from space 2560K, 99% used [0x00000000eba00000,0x00000000ebc7b730,0x00000000ebc80000)
  to   space 2560K, 0% used [0x00000000ecb80000,0x00000000ecb80000,0x00000000ece00000)
 ParOldGen       total 40960K, used 4642K [0x00000000c0000000, 0x00000000c2800000, 0x00000000eab00000)
  object space 40960K, 11% used [0x00000000c0000000,0x00000000c0488a28,0x00000000c2800000)
 Metaspace       used 6049K, capacity 6960K, committed 7040K, reserved 1056768K
  class space    used 592K, capacity 616K, committed 640K, reserved 1048576K
}
Event: 18.061 GC heap before
{Heap before GC invocations=4 (full 0):
 PSYoungGen      total 17920K, used 17901K [0x00000000eab00000, 0x00000000ece00000, 0x0000000100000000)
  eden space 15360K, 100% used [0x00000000eab00000,0x00000000eba00000,0x00000000eba00000)
  from space 2560K, 99% used [0x00000000eba00000,0x00000000ebc7b730,0x00000000ebc80000)
  to   space 2560K, 0% used [0x00000000ecb80000,0x00000000ecb80000,0x00000000ece00000)
 ParOldGen       total 40960K, used 4642K [0x00000000c0000000, 0x00000000c2800000, 0x00000000eab00000)
  object space 40960K, 11% used [0x00000000c0000000,0x00000000c0488a28,0x00000000c2800000)
 Metaspace       used 6125K, capacity 7024K, committed 7296K, reserved 1056768K
  class space    used 592K, capacity 616K, committed 640K, reserved 1048576K
Event: 18.142 GC heap after
Heap after GC invocations=4 (full 0):
 PSYoungGen      total 33280K, used 2553K [0x00000000eab00000, 0x00000000ece00000, 0x0000000100000000)
  eden space 30720K, 0% used [0x00000000eab00000,0x00000000eab00000,0x00000000ec900000)
  from space 2560K, 99% used [0x00000000ecb80000,0x00000000ecdfe670,0x00000000ece00000)
  to   space 2560K, 0% used [0x00000000ec900000,0x00000000ec900000,0x00000000ecb80000)
 ParOldGen       total 40960K, used 7295K [0x00000000c0000000, 0x00000000c2800000, 0x00000000eab00000)
  object space 40960K, 17% used [0x00000000c0000000,0x00000000c071fd98,0x00000000c2800000)
 Metaspace       used 6125K, capacity 7024K, committed 7296K, reserved 1056768K
  class space    used 592K, capacity 616K, committed 640K, reserved 1048576K
}
Event: 20.535 GC heap before
{Heap before GC invocations=5 (full 0):
 PSYoungGen      total 33280K, used 33273K [0x00000000eab00000, 0x00000000ece00000, 0x0000000100000000)
  eden space 30720K, 100% used [0x00000000eab00000,0x00000000ec900000,0x00000000ec900000)
  from space 2560K, 99% used [0x00000000ecb80000,0x00000000ecdfe670,0x00000000ece00000)
  to   space 2560K, 0% used [0x00000000ec900000,0x00000000ec900000,0x00000000ecb80000)
 ParOldGen       total 40960K, used 7295K [0x00000000c0000000, 0x00000000c2800000, 0x00000000eab00000)
  object space 40960K, 17% used [0x00000000c0000000,0x00000000c071fd98,0x00000000c2800000)
 Metaspace       used 6197K, capacity 7088K, committed 7296K, reserved 1056768K
  class space    used 592K, capacity 616K, committed 640K, reserved 1048576K
Event: 21.032 GC heap after
Heap after GC invocations=5 (full 0):
 PSYoungGen      total 33280K, used 2546K [0x00000000eab00000, 0x00000000efb00000, 0x0000000100000000)
  eden space 30720K, 0% used [0x00000000eab00000,0x00000000eab00000,0x00000000ec900000)
  from space 2560K, 99% used [0x00000000ec900000,0x00000000ecb7c910,0x00000000ecb80000)
  to   space 10240K, 0% used [0x00000000ef100000,0x00000000ef100000,0x00000000efb00000)
 ParOldGen       total 40960K, used 12976K [0x00000000c0000000, 0x00000000c2800000, 0x00000000eab00000)
  object space 40960K, 31% used [0x00000000c0000000,0x00000000c0cac388,0x00000000c2800000)
 Metaspace       used 6197K, capacity 7088K, committed 7296K, reserved 1056768K
  class space    used 592K, capacity 616K, committed 640K, reserved 1048576K
}
Event: 23.343 GC heap before
{Heap before GC invocations=6 (full 0):
 PSYoungGen      total 33280K, used 33266K [0x00000000eab00000, 0x00000000efb00000, 0x0000000100000000)
  eden space 30720K, 100% used [0x00000000eab00000,0x00000000ec900000,0x00000000ec900000)
  from space 2560K, 99% used [0x00000000ec900000,0x00000000ecb7c910,0x00000000ecb80000)
  to   space 10240K, 0% used [0x00000000ef100000,0x00000000ef100000,0x00000000efb00000)
 ParOldGen       total 40960K, used 12976K [0x00000000c0000000, 0x00000000c2800000, 0x00000000eab00000)
  object space 40960K, 31% used [0x00000000c0000000,0x00000000c0cac388,0x00000000c2800000)
 Metaspace       used 6226K, capacity 7152K, committed 7296K, reserved 1056768K
  class space    used 592K, capacity 616K, committed 640K, reserved 1048576K
Event: 23.543 GC heap after
Heap after GC invocations=6 (full 0):
 PSYoungGen      total 40960K, used 7864K [0x00000000eab00000, 0x00000000efb00000, 0x0000000100000000)
  eden space 30720K, 0% used [0x00000000eab00000,0x00000000eab00000,0x00000000ec900000)
  from space 10240K, 76% used [0x00000000ef100000,0x00000000ef8ae2f0,0x00000000efb00000)
  to   space 2560K, 0% used [0x00000000ec900000,0x00000000ec900000,0x00000000ecb80000)
 ParOldGen       total 40960K, used 12984K [0x00000000c0000000, 0x00000000c2800000, 0x00000000eab00000)
  object space 40960K, 31% used [0x00000000c0000000,0x00000000c0cae388,0x00000000c2800000)
 Metaspace       used 6226K, capacity 7152K, committed 7296K, reserved 1056768K
  class space    used 592K, capacity 616K, committed 640K, reserved 1048576K
}

Deoptimization events (10 events):
Event: 21.168 Thread 0x0000000016526000 Uncommon trap: reason=class_check action=maybe_recompile pc=0x0000000002890744 method=java.util.HashMap.putVal(ILjava/lang/Object;Ljava/lang/Object;ZZ)Ljava/lang/Object; @ 203
Event: 21.168 Thread 0x0000000016526000 Uncommon trap: reason=bimorphic action=maybe_recompile pc=0x00000000027338a4 method=java.util.HashMap.getNode(ILjava/lang/Object;)Ljava/util/HashMap$Node; @ 126
Event: 21.168 Thread 0x0000000016526000 Uncommon trap: reason=class_check action=maybe_recompile pc=0x0000000002890744 method=java.util.HashMap.putVal(ILjava/lang/Object;Ljava/lang/Object;ZZ)Ljava/lang/Object; @ 203
Event: 21.168 Thread 0x0000000016526000 Uncommon trap: reason=bimorphic action=maybe_recompile pc=0x00000000027338a4 method=java.util.HashMap.getNode(ILjava/lang/Object;)Ljava/util/HashMap$Node; @ 126
Event: 21.168 Thread 0x0000000016526000 Uncommon trap: reason=bimorphic action=maybe_recompile pc=0x00000000027338a4 method=java.util.HashMap.getNode(ILjava/lang/Object;)Ljava/util/HashMap$Node; @ 126
Event: 21.168 Thread 0x0000000016526000 Uncommon trap: reason=class_check action=maybe_recompile pc=0x0000000002890744 method=java.util.HashMap.putVal(ILjava/lang/Object;Ljava/lang/Object;ZZ)Ljava/lang/Object; @ 203
Event: 22.806 Thread 0x0000000016525000 Uncommon trap: reason=unstable_if action=reinterpret pc=0x0000000002b6a680 method=com.android.dx.cf.code.Ropper.processBlock(Lcom/android/dx/cf/code/ByteBlock;Lcom/android/dx/cf/code/Frame;[I)V @ 413
Event: 22.806 Thread 0x0000000016525000 Uncommon trap: reason=unstable_if action=reinterpret pc=0x0000000002846dfc method=com.android.dx.util.IntList.binarysearch(I)I @ 105
Event: 22.807 Thread 0x0000000016525000 Uncommon trap: reason=unstable_if action=reinterpret pc=0x00000000029a6c1c method=com.android.dx.ssa.SsaBasicBlock.newFromRop(Lcom/android/dx/rop/code/RopMethod;ILcom/android/dx/ssa/SsaMethod;)Lcom/android/dx/ssa/SsaBasicBlock; @ 164
Event: 22.812 Thread 0x0000000016525000 Uncommon trap: reason=unstable_if action=reinterpret pc=0x0000000002a4159c method=com.android.dx.ssa.SsaMethod.blockIndexToRopLabel(I)I @ 1

Internal exceptions (4 events):
Event: 1.846 Thread 0x0000000002290800 Exception <a 'java/lang/NoSuchMethodError': Method sun.misc.Unsafe.defineClass(Ljava/lang/String;[BII)Ljava/lang/Class; name or signature does not match> (0x00000000eab0d288) thrown at [D:\re\workspace\8-2-build-windows-amd64-cygwin\jdk8u40\3098\hotspot\sr½ê÷‹ý?
Event: 1.846 Thread 0x0000000002290800 Exception <a 'java/lang/NoSuchMethodError': Method sun.misc.Unsafe.prefetchRead(Ljava/lang/Object;J)V name or signature does not match> (0x00000000eab0d518) thrown at [D:\re\workspace\8-2-build-windows-amd64-cygwin\jdk8u40\3098\hotspot\src\share\vm\prims\j­âDŒof-@
Event: 14.700 Thread 0x00000000165c6000 Implicit null exception at 0x0000000002767422 to 0x0000000002767525
Event: 17.993 Thread 0x0000000016526000 Implicit null exception at 0x0000000002984c00 to 0x00000000029875f5

Events (10 events):
Event: 22.806 Thread 0x0000000016525000 DEOPT PACKING pc=0x0000000002846dfc sp=0x00000000174ae8a0
Event: 22.806 Thread 0x0000000016525000 DEOPT UNPACKING pc=0x00000000023d582a sp=0x00000000174ae818 mode 2
Event: 22.807 Thread 0x0000000016525000 Uncommon trap: trap_request=0xffffff65 fr.pc=0x00000000029a6c1c
Event: 22.807 Thread 0x0000000016525000 DEOPT PACKING pc=0x00000000029a6c1c sp=0x00000000174ae7c0
Event: 22.807 Thread 0x0000000016525000 DEOPT UNPACKING pc=0x00000000023d582a sp=0x00000000174ae7b8 mode 2
Event: 22.812 Thread 0x0000000016525000 Uncommon trap: trap_request=0xffffff65 fr.pc=0x0000000002a4159c
Event: 22.816 Thread 0x0000000016525000 DEOPT PACKING pc=0x0000000002a4159c sp=0x00000000174ae7b0
Event: 22.816 Thread 0x0000000016525000 DEOPT UNPACKING pc=0x00000000023d582a sp=0x00000000174ae6d8 mode 2
Event: 23.198 Executing VM operation: ParallelGCFailedAllocation
Event: 23.543 Executing VM operation: ParallelGCFailedAllocation done


Dynamic libraries:
0x00007ff724ac0000 - 0x00007ff724af7000 	C:\Program Files\Java\jdk1.8.0_40\bin\java.exe
0x00007ff9a9ff0000 - 0x00007ff9aa1b2000 	C:\WINDOWS\SYSTEM32\ntdll.dll
0x00007ff9a9400000 - 0x00007ff9a94ad000 	C:\WINDOWS\system32\KERNEL32.DLL
0x00007ff9a74d0000 - 0x00007ff9a76ad000 	C:\WINDOWS\system32\KERNELBASE.dll
0x00007ff9a9870000 - 0x00007ff9a9916000 	C:\WINDOWS\system32\ADVAPI32.dll
0x00007ff9a9d20000 - 0x00007ff9a9dbd000 	C:\WINDOWS\system32\msvcrt.dll
0x00007ff9a7790000 - 0x00007ff9a77eb000 	C:\WINDOWS\system32\sechost.dll
0x00007ff9a94b0000 - 0x00007ff9a95d6000 	C:\WINDOWS\system32\RPCRT4.dll
0x00007ff9a92b0000 - 0x00007ff9a93fe000 	C:\WINDOWS\system32\USER32.dll
0x00007ff9a9110000 - 0x00007ff9a9295000 	C:\WINDOWS\system32\GDI32.dll
0x00007ff9a2af0000 - 0x00007ff9a2d64000 	C:\WINDOWS\WinSxS\amd64_microsoft.windows.common-controls_6595b64144ccf1df_6.0.10240.17184_none_f41d7a705752bce6\COMCTL32.dll
0x00007ff9a7750000 - 0x00007ff9a7786000 	C:\WINDOWS\system32\IMM32.DLL
0x00007ff9a9dc0000 - 0x00007ff9a9f1c000 	C:\WINDOWS\system32\MSCTF.dll
0x000000005c8c0000 - 0x000000005c992000 	C:\Program Files\Java\jdk1.8.0_40\jre\bin\msvcr100.dll
0x000000005b180000 - 0x000000005ba03000 	C:\Program Files\Java\jdk1.8.0_40\jre\bin\server\jvm.dll
0x00007ff9a7720000 - 0x00007ff9a7728000 	C:\WINDOWS\system32\PSAPI.DLL
0x00007ff9a5260000 - 0x00007ff9a5269000 	C:\WINDOWS\SYSTEM32\WSOCK32.dll
0x00007ff9a8ed0000 - 0x00007ff9a8f39000 	C:\WINDOWS\system32\WS2_32.dll
0x00007ff9a52d0000 - 0x00007ff9a52f3000 	C:\WINDOWS\SYSTEM32\WINMM.dll
0x00007ff9a9f20000 - 0x00007ff9a9f28000 	C:\WINDOWS\system32\NSI.dll
0x00007ff9a52a0000 - 0x00007ff9a52cc000 	C:\WINDOWS\SYSTEM32\WINMMBASE.dll
0x00007ff9a70e0000 - 0x00007ff9a7124000 	C:\WINDOWS\system32\cfgmgr32.dll
0x00007ff9a5510000 - 0x00007ff9a5537000 	C:\WINDOWS\SYSTEM32\DEVOBJ.dll
0x00007ff9a3ce0000 - 0x00007ff9a3cea000 	C:\WINDOWS\SYSTEM32\VERSION.dll
0x000000005c8b0000 - 0x000000005c8bf000 	C:\Program Files\Java\jdk1.8.0_40\jre\bin\verify.dll
0x000000005c880000 - 0x000000005c8a9000 	C:\Program Files\Java\jdk1.8.0_40\jre\bin\java.dll
0x000000005c860000 - 0x000000005c876000 	C:\Program Files\Java\jdk1.8.0_40\jre\bin\zip.dll
0x00007ff9a77f0000 - 0x00007ff9a8d13000 	C:\WINDOWS\system32\SHELL32.dll
0x00007ff9a6ab0000 - 0x00007ff9a70d9000 	C:\WINDOWS\system32\windows.storage.dll
0x00007ff9a9920000 - 0x00007ff9a9b9c000 	C:\WINDOWS\system32\combase.dll
0x00007ff9a9f90000 - 0x00007ff9a9fe1000 	C:\WINDOWS\system32\shlwapi.dll
0x00007ff9a6aa0000 - 0x00007ff9a6aaf000 	C:\WINDOWS\system32\kernel.appcore.dll
0x00007ff9a7410000 - 0x00007ff9a74c3000 	C:\WINDOWS\system32\shcore.dll
0x00007ff9a6a30000 - 0x00007ff9a6a7a000 	C:\WINDOWS\system32\powrprof.dll
0x00007ff9a6a10000 - 0x00007ff9a6a23000 	C:\WINDOWS\system32\profapi.dll

VM Arguments:
jvm_args: -Djava.awt.headless=true -Xmx1024M -Dfile.encoding=windows-1252 -Duser.country=US -Duser.language=en -Duser.variant 
java_command: com.android.dx.command.Main --dex --force-jumbo --num-threads=4 --multi-dex --output C:\tmp\S12.04-Solution-ResourceQualifiers\wearable\intermediates\transforms\dex\debug\folders\1000\10\com.android.support-support-v4-24.0.0_754f5034a6722bef22f2005d20dd672624fd569c C:\tmp\S12.04-Solution-ResourceQualifiers\wearable\intermediates\exploded-aar\com.android.support\support-v4\24.0.0\jars\classes.jar
java_class_path (initial): C:\Users\gowth\AppData\Local\Android\sdk1\build-tools\25.0.2\lib\dx.jar
Launcher Type: SUN_STANDARD

Environment Variables:
JAVA_HOME=C:\Program Files\Java\jdk1.8.0_40
PATH=C:\ProgramData\Oracle\Java\javapath;C:\Program Files (x86)\Verisium\vPerformer\Bin;C:\Program Files\Java\jdk1.8.0_40\bin;C:\Program Files\nodejs\;C:\Users\gowth\Downloads\android-ndk-r13b\;C:\gradle-3.3\bin\;C:\Android;C:\Windows\System32;C:\Users\gowth\AppData\Roaming\npm;C:\gradle-3.3\bin\
USERNAME=gowth
OS=Windows_NT
PROCESSOR_IDENTIFIER=Intel64 Family 6 Model 69 Stepping 1, GenuineIntel



---------------  S Y S T E M  ---------------

OS: Windows 10.0 , 64 bit Build 10240 (10.0.10240.17113)

CPU:total 4 (2 cores per cpu, 2 threads per core) family 6 model 69 stepping 1, cmov, cx8, fxsr, mmx, sse, sse2, sse3, ssse3, sse4.1, sse4.2, popcnt, avx, avx2, aes, clmul, erms, lzcnt, ht, tsc, tscinvbit, bmi1, bmi2

Memory: 4k page, physical 3923764k(67028k free), swap 9126292k(32k free)

vm_info: Java HotSpot(TM) 64-Bit Server VM (25.40-b25) for windows-amd64 JRE (1.8.0_40-b26), built on Mar  7 2015 13:51:59 by "java_re" with MS VC++ 10.0 (VS2010)

time: Sat Feb 18 15:31:11 2017
elapsed time: 27 seconds (0d 0h 0m 27s)

