#
# There is insufficient memory for the Java Runtime Environment to continue.
# Native memory allocation (malloc) failed to allocate 32744 bytes for ChunkPool::allocate
# Possible reasons:
#   The system is out of physical RAM or swap space
#   In 32 bit mode, the process size limit was hit
# Possible solutions:
#   Reduce memory load on the system
#   Increase physical memory or swap space
#   Check if swap backing store is full
#   Use 64 bit Java on a 64 bit OS
#   Decrease Java heap size (-Xmx/-Xms)
#   Decrease number of Java threads
#   Decrease Java thread stack sizes (-Xss)
#   Set larger code cache with -XX:ReservedCodeCacheSize=
# This output file may be truncated or incomplete.
#
#  Out of Memory Error (allocation.cpp:273), pid=3124, tid=7536
#
# JRE version: Java(TM) SE Runtime Environment (8.0_40-b26) (build 1.8.0_40-b26)
# Java VM: Java HotSpot(TM) 64-Bit Server VM (25.40-b25 mixed mode windows-amd64 compressed oops)
# Failed to write core dump. Minidumps are not enabled by default on client versions of Windows
#

---------------  T H R E A D  ---------------

Current thread (0x0000000014bb0000):  JavaThread "C2 CompilerThread1" daemon [_thread_in_vm, id=7536, stack(0x0000000016210000,0x0000000016310000)]

Stack: [0x0000000016210000,0x0000000016310000]
Native frames: (J=compiled Java code, j=interpreted, Vv=VM code, C=native code)
V  [jvm.dll+0x32b47a]


Current CompileTask:
C2:  33301  636       4       java.lang.String::indexOf (166 bytes)


---------------  P R O C E S S  ---------------

Java Threads: ( => current thread )
  0x000000001659d800 JavaThread "pool-1-thread-1" [_thread_in_native, id=6384, stack(0x0000000016a10000,0x0000000016b10000)]
  0x000000001642d800 JavaThread "Service Thread" daemon [_thread_blocked, id=5092, stack(0x0000000016810000,0x0000000016910000)]
  0x0000000014bd2000 JavaThread "C1 CompilerThread2" daemon [_thread_in_native, id=416, stack(0x0000000016310000,0x0000000016410000)]
=>0x0000000014bb0000 JavaThread "C2 CompilerThread1" daemon [_thread_in_vm, id=7536, stack(0x0000000016210000,0x0000000016310000)]
  0x0000000014bae000 JavaThread "C2 CompilerThread0" daemon [_thread_in_vm, id=5916, stack(0x0000000016110000,0x0000000016210000)]
  0x0000000014bab000 JavaThread "Attach Listener" daemon [_thread_blocked, id=9120, stack(0x0000000016010000,0x0000000016110000)]
  0x0000000014baa000 JavaThread "Signal Dispatcher" daemon [_thread_blocked, id=5912, stack(0x0000000015f10000,0x0000000016010000)]
  0x00000000024d1800 JavaThread "Finalizer" daemon [_thread_blocked, id=4800, stack(0x0000000015e10000,0x0000000015f10000)]
  0x00000000024ce000 JavaThread "Reference Handler" daemon [_thread_blocked, id=7196, stack(0x0000000015d10000,0x0000000015e10000)]
  0x00000000023e0800 JavaThread "main" [_thread_blocked, id=8656, stack(0x0000000000bb0000,0x0000000000cb0000)]

Other Threads:
  0x0000000014b78000 VMThread [stack: 0x0000000015c10000,0x0000000015d10000] [id=3716]
  0x000000001642f000 WatcherThread [stack: 0x0000000016910000,0x0000000016a10000] [id=4804]

VM state:not at safepoint (normal execution)

VM Mutex/Monitor currently owned by a thread: None

Heap:
 PSYoungGen      total 17920K, used 11420K [0x00000000eab00000, 0x00000000ebf00000, 0x0000000100000000)
  eden space 15360K, 74% used [0x00000000eab00000,0x00000000eb627120,0x00000000eba00000)
  from space 2560K, 0% used [0x00000000ebc80000,0x00000000ebc80000,0x00000000ebf00000)
  to   space 2560K, 0% used [0x00000000eba00000,0x00000000eba00000,0x00000000ebc80000)
 ParOldGen       total 40960K, used 0K [0x00000000c0000000, 0x00000000c2800000, 0x00000000eab00000)
  object space 40960K, 0% used [0x00000000c0000000,0x00000000c0000000,0x00000000c2800000)
 Metaspace       used 5857K, capacity 6616K, committed 6912K, reserved 1056768K
  class space    used 632K, capacity 656K, committed 768K, reserved 1048576K

Card table byte_map: [0x00000000118a0000,0x0000000011ab0000] byte_map_base: 0x00000000112a0000

Marking Bits: (ParMarkBitMap*) 0x000000005b984040
 Begin Bits: [0x0000000012010000, 0x0000000013010000)
 End Bits:   [0x0000000013010000, 0x0000000014010000)

Polling page: 0x0000000000710000

CodeCache: size=245760Kb used=2449Kb max_used=2458Kb free=243310Kb
 bounds [0x00000000024e0000, 0x0000000002750000, 0x00000000114e0000]
 total_blobs=911 nmethods=632 adapters=192
 compilation: enabled

Compilation events (10 events):
Event: 28.706 Thread 0x0000000014bd2000 nmethod 629 0x0000000002742a10 code [0x0000000002742be0, 0x0000000002743378]
Event: 29.176 Thread 0x0000000014bb0000  630       4       java.lang.CharacterData::of (120 bytes)
Event: 29.177 Thread 0x0000000014bb0000 nmethod 630 0x00000000027427d0 code [0x0000000002742900, 0x0000000002742978]
Event: 29.177 Thread 0x0000000014bd2000  631       3       java.lang.Character::toUpperCaseEx (30 bytes)
Event: 29.178 Thread 0x0000000014bd2000 nmethod 631 0x0000000002742350 code [0x00000000027424c0, 0x0000000002742718]
Event: 29.178 Thread 0x0000000014bd2000  632       3       java.lang.CharacterDataLatin1::toUpperCaseEx (71 bytes)
Event: 29.178 Thread 0x0000000014bd2000 nmethod 632 0x0000000002747490 code [0x0000000002747600, 0x00000000027478d0]
Event: 29.178 Thread 0x0000000014bd2000  633       3       java.lang.String::toLowerCase (439 bytes)
Event: 29.179 Thread 0x0000000014bb0000  636       4       java.lang.String::indexOf (166 bytes)
Event: 29.179 Thread 0x0000000014bae000  637       4       java.lang.Character::toLowerCase (9 bytes)

GC Heap History (0 events):
No events

Deoptimization events (0 events):
No events

Internal exceptions (2 events):
Event: 1.898 Thread 0x00000000023e0800 Exception <a 'java/lang/NoSuchMethodError': Method sun.misc.Unsafe.defineClass(Ljava/lang/String;[BII)Ljava/lang/Class; name or signature does not match> (0x00000000eab0d0f0) thrown at [D:\re\workspace\8-2-build-windows-amd64-cygwin\jdk8u40\3098\hotspot\sr¶ëUŸ]þ?
Event: 1.898 Thread 0x00000000023e0800 Exception <a 'java/lang/NoSuchMethodError': Method sun.misc.Unsafe.prefetchRead(Ljava/lang/Object;J)V name or signature does not match> (0x00000000eab0d380) thrown at [D:\re\workspace\8-2-build-windows-amd64-cygwin\jdk8u40\3098\hotspot\src\share\vm\prims\j

Events (10 events):
Event: 28.891 loading class java/util/LinkedHashMap$LinkedEntrySet done
Event: 28.891 loading class java/util/LinkedHashMap$LinkedEntryIterator
Event: 29.001 loading class java/util/LinkedHashMap$LinkedHashIterator
Event: 29.009 loading class java/util/LinkedHashMap$LinkedHashIterator done
Event: 29.009 loading class java/util/LinkedHashMap$LinkedEntryIterator done
Event: 29.010 loading class java/security/Provider$Service
Event: 29.176 loading class java/security/Provider$Service done
Event: 29.177 loading class java/security/Provider$UString
Event: 29.177 loading class java/security/Provider$UString done
Event: 29.180 loading class sun/security/provider/SHA


Dynamic libraries:
0x00007ff724ac0000 - 0x00007ff724af7000 	C:\Program Files\Java\jdk1.8.0_40\bin\java.exe
0x00007ff9a9ff0000 - 0x00007ff9aa1b2000 	C:\WINDOWS\SYSTEM32\ntdll.dll
0x00007ff9a9400000 - 0x00007ff9a94ad000 	C:\WINDOWS\system32\KERNEL32.DLL
0x00007ff9a74d0000 - 0x00007ff9a76ad000 	C:\WINDOWS\system32\KERNELBASE.dll
0x00007ff9a9870000 - 0x00007ff9a9916000 	C:\WINDOWS\system32\ADVAPI32.dll
0x00007ff9a9d20000 - 0x00007ff9a9dbd000 	C:\WINDOWS\system32\msvcrt.dll
0x00007ff9a7790000 - 0x00007ff9a77eb000 	C:\WINDOWS\system32\sechost.dll
0x00007ff9a94b0000 - 0x00007ff9a95d6000 	C:\WINDOWS\system32\RPCRT4.dll
0x00007ff9a92b0000 - 0x00007ff9a93fe000 	C:\WINDOWS\system32\USER32.dll
0x00007ff9a9110000 - 0x00007ff9a9295000 	C:\WINDOWS\system32\GDI32.dll
0x00007ff9a2af0000 - 0x00007ff9a2d64000 	C:\WINDOWS\WinSxS\amd64_microsoft.windows.common-controls_6595b64144ccf1df_6.0.10240.17184_none_f41d7a705752bce6\COMCTL32.dll
0x00007ff9a7750000 - 0x00007ff9a7786000 	C:\WINDOWS\system32\IMM32.DLL
0x00007ff9a9dc0000 - 0x00007ff9a9f1c000 	C:\WINDOWS\system32\MSCTF.dll
0x000000005c8c0000 - 0x000000005c992000 	C:\Program Files\Java\jdk1.8.0_40\jre\bin\msvcr100.dll
0x000000005b180000 - 0x000000005ba03000 	C:\Program Files\Java\jdk1.8.0_40\jre\bin\server\jvm.dll
0x00007ff9a7720000 - 0x00007ff9a7728000 	C:\WINDOWS\system32\PSAPI.DLL
0x00007ff9a5260000 - 0x00007ff9a5269000 	C:\WINDOWS\SYSTEM32\WSOCK32.dll
0x00007ff9a52d0000 - 0x00007ff9a52f3000 	C:\WINDOWS\SYSTEM32\WINMM.dll
0x00007ff9a8ed0000 - 0x00007ff9a8f39000 	C:\WINDOWS\system32\WS2_32.dll
0x00007ff9a9f20000 - 0x00007ff9a9f28000 	C:\WINDOWS\system32\NSI.dll
0x00007ff9a3ce0000 - 0x00007ff9a3cea000 	C:\WINDOWS\SYSTEM32\VERSION.dll
0x00007ff9a52a0000 - 0x00007ff9a52cc000 	C:\WINDOWS\SYSTEM32\winmmbase.dll
0x00007ff9a70e0000 - 0x00007ff9a7124000 	C:\WINDOWS\system32\cfgmgr32.dll
0x00007ff9a5510000 - 0x00007ff9a5537000 	C:\WINDOWS\SYSTEM32\DEVOBJ.dll
0x000000005c8b0000 - 0x000000005c8bf000 	C:\Program Files\Java\jdk1.8.0_40\jre\bin\verify.dll
0x000000005c880000 - 0x000000005c8a9000 	C:\Program Files\Java\jdk1.8.0_40\jre\bin\java.dll
0x000000005c860000 - 0x000000005c876000 	C:\Program Files\Java\jdk1.8.0_40\jre\bin\zip.dll
0x00007ff9a77f0000 - 0x00007ff9a8d13000 	C:\WINDOWS\system32\SHELL32.dll
0x00007ff9a6ab0000 - 0x00007ff9a70d9000 	C:\WINDOWS\system32\windows.storage.dll
0x00007ff9a9920000 - 0x00007ff9a9b9c000 	C:\WINDOWS\system32\combase.dll
0x00007ff9a9f90000 - 0x00007ff9a9fe1000 	C:\WINDOWS\system32\shlwapi.dll
0x00007ff9a6aa0000 - 0x00007ff9a6aaf000 	C:\WINDOWS\system32\kernel.appcore.dll
0x00007ff9a7410000 - 0x00007ff9a74c3000 	C:\WINDOWS\system32\shcore.dll
0x00007ff9a6a30000 - 0x00007ff9a6a7a000 	C:\WINDOWS\system32\powrprof.dll
0x00007ff9a6a10000 - 0x00007ff9a6a23000 	C:\WINDOWS\system32\profapi.dll

VM Arguments:
jvm_args: -Djava.awt.headless=true -Xmx1024M -Dfile.encoding=windows-1252 -Duser.country=US -Duser.language=en -Duser.variant 
java_command: com.android.dx.command.Main --dex --force-jumbo --num-threads=4 --multi-dex --output C:\tmp\S12.04-Solution-ResourceQualifiers\wearable\intermediates\transforms\dex\debug\folders\1000\10\support-annotations-25.1.1_8c08b2ca07d416dc826d3ff23a2e7254033fd4e8 C:\Users\gowth\AppData\Local\Android\sdk1\extras\android\m2repository\com\android\support\support-annotations\25.1.1\support-annotations-25.1.1.jar
java_class_path (initial): C:\Users\gowth\AppData\Local\Android\sdk1\build-tools\25.0.2\lib\dx.jar
Launcher Type: SUN_STANDARD

Environment Variables:
JAVA_HOME=C:\Program Files\Java\jdk1.8.0_40
PATH=C:\ProgramData\Oracle\Java\javapath;C:\Program Files (x86)\Verisium\vPerformer\Bin;C:\Program Files\Java\jdk1.8.0_40\bin;C:\Program Files\nodejs\;C:\Users\gowth\Downloads\android-ndk-r13b\;C:\gradle-3.3\bin\;C:\Android;C:\Windows\System32;C:\Users\gowth\AppData\Roaming\npm;C:\gradle-3.3\bin\
USERNAME=gowth
OS=Windows_NT
PROCESSOR_IDENTIFIER=Intel64 Family 6 Model 69 Stepping 1, GenuineIntel



---------------  S Y S T E M  ---------------

OS: Windows 10.0 , 64 bit Build 10240 (10.0.10240.17113)

CPU:total 4 (2 cores per cpu, 2 threads per core) family 6 model 69 stepping 1, cmov, cx8, fxsr, mmx, sse, sse2, sse3, ssse3, sse4.1, sse4.2, popcnt, avx, avx2, aes, clmul, erms, lzcnt, ht, tsc, tscinvbit, bmi1, bmi2

Memory: 4k page, physical 3923764k(113092k free), swap 9126292k(124k free)

vm_info: Java HotSpot(TM) 64-Bit Server VM (25.40-b25) for windows-amd64 JRE (1.8.0_40-b26), built on Mar  7 2015 13:51:59 by "java_re" with MS VC++ 10.0 (VS2010)

time: Sat Feb 18 15:31:18 2017
elapsed time: 34 seconds (0d 0h 0m 34s)

