#
# There is insufficient memory for the Java Runtime Environment to continue.
# Native memory allocation (malloc) failed to allocate 878416 bytes for Chunk::new
# Possible reasons:
#   The system is out of physical RAM or swap space
#   In 32 bit mode, the process size limit was hit
# Possible solutions:
#   Reduce memory load on the system
#   Increase physical memory or swap space
#   Check if swap backing store is full
#   Use 64 bit Java on a 64 bit OS
#   Decrease Java heap size (-Xmx/-Xms)
#   Decrease number of Java threads
#   Decrease Java thread stack sizes (-Xss)
#   Set larger code cache with -XX:ReservedCodeCacheSize=
# This output file may be truncated or incomplete.
#
#  Out of Memory Error (allocation.cpp:390), pid=2844, tid=8428
#
# JRE version: Java(TM) SE Runtime Environment (8.0_40-b26) (build 1.8.0_40-b26)
# Java VM: Java HotSpot(TM) 64-Bit Server VM (25.40-b25 mixed mode windows-amd64 compressed oops)
# Failed to write core dump. Minidumps are not enabled by default on client versions of Windows
#

---------------  T H R E A D  ---------------

Current thread (0x0000000015591000):  JavaThread "C2 CompilerThread1" daemon [_thread_in_native, id=8428, stack(0x0000000016bf0000,0x0000000016cf0000)]

Stack: [0x0000000016bf0000,0x0000000016cf0000]
Native frames: (J=compiled Java code, j=interpreted, Vv=VM code, C=native code)
V  [jvm.dll+0x32b47a]
V  [jvm.dll+0x2797f3]
V  [jvm.dll+0x27a489]
V  [jvm.dll+0x2717a5]
V  [jvm.dll+0xcb9a2]
V  [jvm.dll+0xcbe6c]
V  [jvm.dll+0x464332]
V  [jvm.dll+0x4d9420]
V  [jvm.dll+0x4dc04b]
V  [jvm.dll+0x46a551]
V  [jvm.dll+0x46cd52]
V  [jvm.dll+0x4500d2]
V  [jvm.dll+0xa4312]
V  [jvm.dll+0xa4c4f]
V  [jvm.dll+0x241914]
V  [jvm.dll+0x29848a]
C  [msvcr100.dll+0x21d9f]
C  [msvcr100.dll+0x21e3b]
C  [KERNEL32.DLL+0x12d92]
C  [ntdll.dll+0x9f64]


Current CompileTask:
C2:  33825 2425   !   4       com.android.dx.cf.code.BytecodeArray::parseInstruction (2764 bytes)


---------------  P R O C E S S  ---------------

Java Threads: ( => current thread )
  0x0000000002dc0800 JavaThread "DestroyJavaVM" [_thread_blocked, id=8504, stack(0x0000000002c70000,0x0000000002d70000)]
  0x0000000016e0c800 JavaThread "Service Thread" daemon [_thread_blocked, id=8648, stack(0x00000000171f0000,0x00000000172f0000)]
  0x00000000155e0000 JavaThread "C1 CompilerThread2" daemon [_thread_blocked, id=6736, stack(0x0000000016cf0000,0x0000000016df0000)]
=>0x0000000015591000 JavaThread "C2 CompilerThread1" daemon [_thread_in_native, id=8428, stack(0x0000000016bf0000,0x0000000016cf0000)]
  0x000000001558d000 JavaThread "C2 CompilerThread0" daemon [_thread_in_native, id=7708, stack(0x0000000016af0000,0x0000000016bf0000)]
  0x000000001558a000 JavaThread "Attach Listener" daemon [_thread_blocked, id=1712, stack(0x00000000169f0000,0x0000000016af0000)]
  0x0000000015589000 JavaThread "Signal Dispatcher" daemon [_thread_blocked, id=6232, stack(0x00000000168f0000,0x00000000169f0000)]
  0x0000000002eb0000 JavaThread "Finalizer" daemon [_thread_blocked, id=1388, stack(0x00000000167f0000,0x00000000168f0000)]
  0x0000000002ead000 JavaThread "Reference Handler" daemon [_thread_blocked, id=4328, stack(0x00000000166f0000,0x00000000167f0000)]

Other Threads:
  0x0000000015558000 VMThread [stack: 0x00000000165f0000,0x00000000166f0000] [id=4048]
  0x0000000016e0e000 WatcherThread [stack: 0x00000000172f0000,0x00000000173f0000] [id=8212]

VM state:not at safepoint (normal execution)

VM Mutex/Monitor currently owned by a thread: None

Heap:
 PSYoungGen      total 137216K, used 25385K [0x00000000eab00000, 0x00000000f4400000, 0x0000000100000000)
  eden space 120320K, 21% used [0x00000000eab00000,0x00000000ec3ca740,0x00000000f2080000)
  from space 16896K, 0% used [0x00000000f2080000,0x00000000f2080000,0x00000000f3100000)
  to   space 14336K, 0% used [0x00000000f3100000,0x00000000f3100000,0x00000000f3f00000)
 ParOldGen       total 113664K, used 40895K [0x00000000c0000000, 0x00000000c6f00000, 0x00000000eab00000)
  object space 113664K, 35% used [0x00000000c0000000,0x00000000c27effd0,0x00000000c6f00000)
 Metaspace       used 7242K, capacity 7768K, committed 7936K, reserved 1056768K
  class space    used 667K, capacity 720K, committed 768K, reserved 1048576K

Card table byte_map: [0x0000000012280000,0x0000000012490000] byte_map_base: 0x0000000011c80000

Marking Bits: (ParMarkBitMap*) 0x00000000613f4040
 Begin Bits: [0x00000000129f0000, 0x00000000139f0000)
 End Bits:   [0x00000000139f0000, 0x00000000149f0000)

Polling page: 0x0000000002bb0000

CodeCache: size=245760Kb used=14597Kb max_used=14597Kb free=231162Kb
 bounds [0x0000000002ec0000, 0x0000000003d10000, 0x0000000011ec0000]
 total_blobs=3288 nmethods=3011 adapters=189
 compilation: enabled

Compilation events (10 events):
Event: 25.158 Thread 0x00000000155e0000 2438       2       java.util.HashMap::comparableClassFor (105 bytes)
Event: 25.158 Thread 0x00000000155e0000 nmethod 2438 0x0000000003acadd0 code [0x0000000003acaf80, 0x0000000003acb3e8]
Event: 25.314 Thread 0x0000000015591000 nmethod 2418 0x0000000003ad1850 code [0x0000000003ad1ea0, 0x0000000003ad7120]
Event: 25.314 Thread 0x0000000015591000 2425   !   4       com.android.dx.cf.code.BytecodeArray::parseInstruction (2764 bytes)
Event: 25.568 Thread 0x00000000155e0000 2439       1       com.android.dx.dex.code.BlockAddresses::getStart (7 bytes)
Event: 25.568 Thread 0x00000000155e0000 nmethod 2439 0x0000000003a67610 code [0x0000000003a67760, 0x0000000003a67890]
Event: 25.571 Thread 0x00000000155e0000 2440       2       com.android.dx.ssa.back.FirstFitLocalCombiningAllocator::findRangeAndAdjust (311 bytes)
Event: 25.573 Thread 0x00000000155e0000 nmethod 2440 0x0000000003acffd0 code [0x0000000003ad0240, 0x0000000003ad0c58]
Event: 25.598 Thread 0x00000000155e0000 2441       2       com.android.dx.rop.code.Rops::opIfLt (13 bytes)
Event: 25.598 Thread 0x00000000155e0000 nmethod 2441 0x0000000003acfc50 code [0x0000000003acfdc0, 0x0000000003acff48]

GC Heap History (10 events):
Event: 9.592 GC heap before
{Heap before GC invocations=4 (full 0):
 PSYoungGen      total 33280K, used 33266K [0x00000000eab00000, 0x00000000eec00000, 0x0000000100000000)
  eden space 30720K, 100% used [0x00000000eab00000,0x00000000ec900000,0x00000000ec900000)
  from space 2560K, 99% used [0x00000000ec900000,0x00000000ecb7c8e0,0x00000000ecb80000)
  to   space 2560K, 0% used [0x00000000ee980000,0x00000000ee980000,0x00000000eec00000)
 ParOldGen       total 40960K, used 7049K [0x00000000c0000000, 0x00000000c2800000, 0x00000000eab00000)
  object space 40960K, 17% used [0x00000000c0000000,0x00000000c06e24d0,0x00000000c2800000)
 Metaspace       used 6172K, capacity 7088K, committed 7296K, reserved 1056768K
  class space    used 593K, capacity 616K, committed 640K, reserved 1048576K
Event: 9.908 GC heap after
Heap after GC invocations=4 (full 0):
 PSYoungGen      total 64000K, used 2531K [0x00000000eab00000, 0x00000000eec00000, 0x0000000100000000)
  eden space 61440K, 0% used [0x00000000eab00000,0x00000000eab00000,0x00000000ee700000)
  from space 2560K, 98% used [0x00000000ee980000,0x00000000eebf8c90,0x00000000eec00000)
  to   space 2560K, 0% used [0x00000000ee700000,0x00000000ee700000,0x00000000ee980000)
 ParOldGen       total 40960K, used 11569K [0x00000000c0000000, 0x00000000c2800000, 0x00000000eab00000)
  object space 40960K, 28% used [0x00000000c0000000,0x00000000c0b4c480,0x00000000c2800000)
 Metaspace       used 6172K, capacity 7088K, committed 7296K, reserved 1056768K
  class space    used 593K, capacity 616K, committed 640K, reserved 1048576K
}
Event: 14.027 GC heap before
{Heap before GC invocations=5 (full 0):
 PSYoungGen      total 64000K, used 63971K [0x00000000eab00000, 0x00000000eec00000, 0x0000000100000000)
  eden space 61440K, 100% used [0x00000000eab00000,0x00000000ee700000,0x00000000ee700000)
  from space 2560K, 98% used [0x00000000ee980000,0x00000000eebf8c90,0x00000000eec00000)
  to   space 2560K, 0% used [0x00000000ee700000,0x00000000ee700000,0x00000000ee980000)
 ParOldGen       total 40960K, used 11569K [0x00000000c0000000, 0x00000000c2800000, 0x00000000eab00000)
  object space 40960K, 28% used [0x00000000c0000000,0x00000000c0b4c480,0x00000000c2800000)
 Metaspace       used 6240K, capacity 7152K, committed 7296K, reserved 1056768K
  class space    used 594K, capacity 616K, committed 640K, reserved 1048576K
Event: 15.386 GC heap after
Heap after GC invocations=5 (full 0):
 PSYoungGen      total 64000K, used 2547K [0x00000000eab00000, 0x00000000f3f00000, 0x0000000100000000)
  eden space 61440K, 0% used [0x00000000eab00000,0x00000000eab00000,0x00000000ee700000)
  from space 2560K, 99% used [0x00000000ee700000,0x00000000ee97cc80,0x00000000ee980000)
  to   space 14336K, 0% used [0x00000000f3100000,0x00000000f3100000,0x00000000f3f00000)
 ParOldGen       total 40960K, used 21425K [0x00000000c0000000, 0x00000000c2800000, 0x00000000eab00000)
  object space 40960K, 52% used [0x00000000c0000000,0x00000000c14ec678,0x00000000c2800000)
 Metaspace       used 6240K, capacity 7152K, committed 7296K, reserved 1056768K
  class space    used 594K, capacity 616K, committed 640K, reserved 1048576K
}
Event: 20.023 GC heap before
{Heap before GC invocations=6 (full 0):
 PSYoungGen      total 64000K, used 63987K [0x00000000eab00000, 0x00000000f3f00000, 0x0000000100000000)
  eden space 61440K, 100% used [0x00000000eab00000,0x00000000ee700000,0x00000000ee700000)
  from space 2560K, 99% used [0x00000000ee700000,0x00000000ee97cc80,0x00000000ee980000)
  to   space 14336K, 0% used [0x00000000f3100000,0x00000000f3100000,0x00000000f3f00000)
 ParOldGen       total 40960K, used 21425K [0x00000000c0000000, 0x00000000c2800000, 0x00000000eab00000)
  object space 40960K, 52% used [0x00000000c0000000,0x00000000c14ec678,0x00000000c2800000)
 Metaspace       used 6341K, capacity 7216K, committed 7296K, reserved 1056768K
  class space    used 594K, capacity 616K, committed 640K, reserved 1048576K
Event: 20.536 GC heap after
Heap after GC invocations=6 (full 0):
 PSYoungGen      total 134656K, used 12884K [0x00000000eab00000, 0x00000000f4400000, 0x0000000100000000)
  eden space 120320K, 0% used [0x00000000eab00000,0x00000000eab00000,0x00000000f2080000)
  from space 14336K, 89% used [0x00000000f3100000,0x00000000f3d95340,0x00000000f3f00000)
  to   space 16896K, 0% used [0x00000000f2080000,0x00000000f2080000,0x00000000f3100000)
 ParOldGen       total 40960K, used 21425K [0x00000000c0000000, 0x00000000c2800000, 0x00000000eab00000)
  object space 40960K, 52% used [0x00000000c0000000,0x00000000c14ec678,0x00000000c2800000)
 Metaspace       used 6341K, capacity 7216K, committed 7296K, reserved 1056768K
  class space    used 594K, capacity 616K, committed 640K, reserved 1048576K
}
Event: 25.606 GC heap before
{Heap before GC invocations=7 (full 0):
 PSYoungGen      total 134656K, used 133204K [0x00000000eab00000, 0x00000000f4400000, 0x0000000100000000)
  eden space 120320K, 100% used [0x00000000eab00000,0x00000000f2080000,0x00000000f2080000)
  from space 14336K, 89% used [0x00000000f3100000,0x00000000f3d95340,0x00000000f3f00000)
  to   space 16896K, 0% used [0x00000000f2080000,0x00000000f2080000,0x00000000f3100000)
 ParOldGen       total 40960K, used 21425K [0x00000000c0000000, 0x00000000c2800000, 0x00000000eab00000)
  object space 40960K, 52% used [0x00000000c0000000,0x00000000c14ec678,0x00000000c2800000)
 Metaspace       used 6460K, capacity 7256K, committed 7424K, reserved 1056768K
  class space    used 614K, capacity 656K, committed 768K, reserved 1048576K
Event: 25.850 GC heap after
Heap after GC invocations=7 (full 0):
 PSYoungGen      total 137216K, used 16865K [0x00000000eab00000, 0x00000000f4400000, 0x0000000100000000)
  eden space 120320K, 0% used [0x00000000eab00000,0x00000000eab00000,0x00000000f2080000)
  from space 16896K, 99% used [0x00000000f2080000,0x00000000f30f8560,0x00000000f3100000)
  to   space 14336K, 0% used [0x00000000f3100000,0x00000000f3100000,0x00000000f3f00000)
 ParOldGen       total 40960K, used 36109K [0x00000000c0000000, 0x00000000c2800000, 0x00000000eab00000)
  object space 40960K, 88% used [0x00000000c0000000,0x00000000c2343598,0x00000000c2800000)
 Metaspace       used 6460K, capacity 7256K, committed 7424K, reserved 1056768K
  class space    used 614K, capacity 656K, committed 768K, reserved 1048576K
}
Event: 25.850 GC heap before
{Heap before GC invocations=8 (full 1):
 PSYoungGen      total 137216K, used 16865K [0x00000000eab00000, 0x00000000f4400000, 0x0000000100000000)
  eden space 120320K, 0% used [0x00000000eab00000,0x00000000eab00000,0x00000000f2080000)
  from space 16896K, 99% used [0x00000000f2080000,0x00000000f30f8560,0x00000000f3100000)
  to   space 14336K, 0% used [0x00000000f3100000,0x00000000f3100000,0x00000000f3f00000)
 ParOldGen       total 40960K, used 36109K [0x00000000c0000000, 0x00000000c2800000, 0x00000000eab00000)
  object space 40960K, 88% used [0x00000000c0000000,0x00000000c2343598,0x00000000c2800000)
 Metaspace       used 6460K, capacity 7256K, committed 7424K, reserved 1056768K
  class space    used 614K, capacity 656K, committed 768K, reserved 1048576K
Event: 28.160 GC heap after
Heap after GC invocations=8 (full 1):
 PSYoungGen      total 137216K, used 8141K [0x00000000eab00000, 0x00000000f4400000, 0x0000000100000000)
  eden space 120320K, 0% used [0x00000000eab00000,0x00000000eab00000,0x00000000f2080000)
  from space 16896K, 48% used [0x00000000f2080000,0x00000000f28737a8,0x00000000f3100000)
  to   space 14336K, 0% used [0x00000000f3100000,0x00000000f3100000,0x00000000f3f00000)
 ParOldGen       total 40960K, used 40880K [0x00000000c0000000, 0x00000000c2800000, 0x00000000eab00000)
  object space 40960K, 99% used [0x00000000c0000000,0x00000000c27ec0e8,0x00000000c2800000)
 Metaspace       used 6460K, capacity 7256K, committed 7424K, reserved 1056768K
  class space    used 614K, capacity 656K, committed 768K, reserved 1048576K
}

Deoptimization events (10 events):
Event: 25.001 Thread 0x00000000174a5800 Uncommon trap: reason=bimorphic action=maybe_recompile pc=0x0000000003a3c9fc method=com.android.dx.cf.code.RopperMachine.run(Lcom/android/dx/cf/code/Frame;II)V @ 988
Event: 25.043 Thread 0x00000000170aa800 Uncommon trap: reason=bimorphic action=maybe_recompile pc=0x0000000003aa8ea8 method=com.android.dx.cf.code.BytecodeArray.parseInstruction(ILcom/android/dx/cf/code/BytecodeArray$Visitor;)I @ 1357
Event: 25.043 Thread 0x00000000170aa800 Uncommon trap: reason=bimorphic action=maybe_recompile pc=0x0000000003aa8ea8 method=com.android.dx.cf.code.BytecodeArray.parseInstruction(ILcom/android/dx/cf/code/BytecodeArray$Visitor;)I @ 1357
Event: 25.064 Thread 0x00000000170a9800 Uncommon trap: reason=bimorphic action=maybe_recompile pc=0x00000000037b4014 method=com.android.dx.ssa.LiteralOpUpgrader.tryReplacingWithConstant(Lcom/android/dx/ssa/NormalSsaInsn;)Z @ 62
Event: 25.069 Thread 0x00000000170a9800 Uncommon trap: reason=bimorphic action=maybe_recompile pc=0x00000000037b4014 method=com.android.dx.ssa.LiteralOpUpgrader.tryReplacingWithConstant(Lcom/android/dx/ssa/NormalSsaInsn;)Z @ 62
Event: 25.112 Thread 0x00000000174a5800 Uncommon trap: reason=unstable_if action=reinterpret pc=0x000000000386a008 method=com.android.dx.ssa.SsaMethod.makeExitBlock()V @ 103
Event: 25.112 Thread 0x00000000174a5800 Uncommon trap: reason=unstable_if action=reinterpret pc=0x000000000333f588 method=com.android.dx.ssa.SsaMethod.getExitBlock()Lcom/android/dx/ssa/SsaBasicBlock; @ 4
Event: 25.112 Thread 0x00000000174a5800 Uncommon trap: reason=unstable_if action=reinterpret pc=0x00000000031896f4 method=com.android.dx.ssa.SsaMethod.getExitBlock()Lcom/android/dx/ssa/SsaBasicBlock; @ 4
Event: 25.119 Thread 0x00000000174a5800 Uncommon trap: reason=unstable_if action=reinterpret pc=0x00000000039adf20 method=com.android.dx.ssa.SsaMethod.getExitBlock()Lcom/android/dx/ssa/SsaBasicBlock; @ 4
Event: 25.119 Thread 0x00000000174a5800 Uncommon trap: reason=unstable_if action=reinterpret pc=0x00000000036a1ec0 method=com.android.dx.ssa.SsaMethod.getExitBlock()Lcom/android/dx/ssa/SsaBasicBlock; @ 4

Internal exceptions (9 events):
Event: 0.065 Thread 0x0000000002dc0800 Exception <a 'java/lang/NoSuchMethodError': Method sun.misc.Unsafe.defineClass(Ljava/lang/String;[BII)Ljava/lang/Class; name or signature does not match> (0x00000000eab0d288) thrown at [D:\re\workspace\8-2-build-windows-amd64-cygwin\jdk8u40\3098\hotspot\srFlø˜'Á°?
Event: 0.065 Thread 0x0000000002dc0800 Exception <a 'java/lang/NoSuchMethodError': Method sun.misc.Unsafe.prefetchRead(Ljava/lang/Object;J)V name or signature does not match> (0x00000000eab0d518) thrown at [D:\re\workspace\8-2-build-windows-amd64-cygwin\jdk8u40\3098\hotspot\src\share\vm\prims\jCÚ7Š¤@
Event: 4.661 Thread 0x00000000170aa800 Implicit null exception at 0x00000000031ad062 to 0x00000000031ad165
Event: 8.487 Thread 0x0000000017087800 Implicit null exception at 0x0000000003506129 to 0x0000000003509761
Event: 19.672 Thread 0x00000000170aa800 Implicit null exception at 0x000000000392d0e4 to 0x00000000039311d5
Event: 21.900 Thread 0x00000000170aa800 Implicit null exception at 0x0000000003545bd7 to 0x0000000003546f9d
Event: 22.454 Thread 0x0000000002dc0800 Exception <a 'java/lang/ArrayIndexOutOfBoundsException': 18> (0x00000000edf62410) thrown at [D:\re\workspace\8-2-build-windows-amd64-cygwin\jdk8u40\3098\hotspot\src\share\vm\interpreter\interpreterRuntime.cpp, line 366]
Event: 22.456 Thread 0x0000000002dc0800 Exception <a 'java/lang/ArrayIndexOutOfBoundsException'> (0x00000000edf63ee0) thrown at [D:\re\workspace\8-2-build-windows-amd64-cygwin\jdk8u40\3098\hotspot\src\share\vm\runtime\sharedRuntime.cpp, line 605]
Event: 22.909 Thread 0x0000000002dc0800 Exception <a 'java/lang/ArrayIndexOutOfBoundsException'> (0x00000000edf65118) thrown at [D:\re\workspace\8-2-build-windows-amd64-cygwin\jdk8u40\3098\hotspot\src\share\vm\runtime\sharedRuntime.cpp, line 605]

Events (10 events):
Event: 25.112 Thread 0x00000000174a5800 DEOPT PACKING pc=0x00000000031896f4 sp=0x0000000017cee680
Event: 25.113 Thread 0x00000000174a5800 DEOPT UNPACKING pc=0x0000000002f0582a sp=0x0000000017cee638 mode 2
Event: 25.119 Thread 0x00000000174a5800 Uncommon trap: trap_request=0xffffff65 fr.pc=0x00000000039adf20
Event: 25.119 Thread 0x00000000174a5800 DEOPT PACKING pc=0x00000000039adf20 sp=0x0000000017cee770
Event: 25.119 Thread 0x00000000174a5800 DEOPT UNPACKING pc=0x0000000002f0582a sp=0x0000000017cee720 mode 2
Event: 25.119 Thread 0x00000000174a5800 Uncommon trap: trap_request=0xffffff65 fr.pc=0x00000000036a1ec0
Event: 25.119 Thread 0x00000000174a5800 DEOPT PACKING pc=0x00000000036a1ec0 sp=0x0000000017cee700
Event: 25.119 Thread 0x00000000174a5800 DEOPT UNPACKING pc=0x0000000002f0582a sp=0x0000000017cee678 mode 2
Event: 25.606 Executing VM operation: ParallelGCFailedAllocation
Event: 28.160 Executing VM operation: ParallelGCFailedAllocation done


Dynamic libraries:
0x00007ff6b4170000 - 0x00007ff6b41a7000 	C:\Program Files\Java\jdk1.8.0_40\bin\java.exe
0x00007ffedecb0000 - 0x00007ffedee72000 	C:\WINDOWS\SYSTEM32\ntdll.dll
0x00007ffedc380000 - 0x00007ffedc42d000 	C:\WINDOWS\system32\KERNEL32.DLL
0x00007ffedc190000 - 0x00007ffedc36d000 	C:\WINDOWS\system32\KERNELBASE.dll
0x00007ffede800000 - 0x00007ffede8a6000 	C:\WINDOWS\system32\ADVAPI32.dll
0x00007ffedddf0000 - 0x00007ffedde8d000 	C:\WINDOWS\system32\msvcrt.dll
0x00007ffedc860000 - 0x00007ffedc8bb000 	C:\WINDOWS\system32\sechost.dll
0x00007ffede000000 - 0x00007ffede126000 	C:\WINDOWS\system32\RPCRT4.dll
0x00007ffede1a0000 - 0x00007ffede2ee000 	C:\WINDOWS\system32\USER32.dll
0x00007ffedc5e0000 - 0x00007ffedc765000 	C:\WINDOWS\system32\GDI32.dll
0x00007ffed5eb0000 - 0x00007ffed6124000 	C:\WINDOWS\WinSxS\amd64_microsoft.windows.common-controls_6595b64144ccf1df_6.0.10240.17184_none_f41d7a705752bce6\COMCTL32.dll
0x00007ffedc770000 - 0x00007ffedc7a6000 	C:\WINDOWS\system32\IMM32.DLL
0x00007ffeddea0000 - 0x00007ffeddffc000 	C:\WINDOWS\system32\MSCTF.dll
0x0000000061480000 - 0x0000000061552000 	C:\Program Files\Java\jdk1.8.0_40\jre\bin\msvcr100.dll
0x0000000060bf0000 - 0x0000000061473000 	C:\Program Files\Java\jdk1.8.0_40\jre\bin\server\jvm.dll
0x00007ffedeb30000 - 0x00007ffedeb38000 	C:\WINDOWS\system32\PSAPI.DLL
0x00007ffed1690000 - 0x00007ffed1699000 	C:\WINDOWS\SYSTEM32\WSOCK32.dll
0x00007ffede130000 - 0x00007ffede199000 	C:\WINDOWS\system32\WS2_32.dll
0x00007ffedde90000 - 0x00007ffedde98000 	C:\WINDOWS\system32\NSI.dll
0x00007ffed9e50000 - 0x00007ffed9e5a000 	C:\WINDOWS\SYSTEM32\VERSION.dll
0x00007ffed93e0000 - 0x00007ffed9403000 	C:\WINDOWS\SYSTEM32\WINMM.dll
0x00007ffed9380000 - 0x00007ffed93ac000 	C:\WINDOWS\SYSTEM32\WINMMBASE.dll
0x00007ffedbda0000 - 0x00007ffedbde4000 	C:\WINDOWS\system32\cfgmgr32.dll
0x00007ffedb3b0000 - 0x00007ffedb3d7000 	C:\WINDOWS\SYSTEM32\DEVOBJ.dll
0x0000000060be0000 - 0x0000000060bef000 	C:\Program Files\Java\jdk1.8.0_40\jre\bin\verify.dll
0x0000000060bb0000 - 0x0000000060bd9000 	C:\Program Files\Java\jdk1.8.0_40\jre\bin\java.dll
0x0000000060b90000 - 0x0000000060ba6000 	C:\Program Files\Java\jdk1.8.0_40\jre\bin\zip.dll
0x00007ffedc8c0000 - 0x00007ffeddde3000 	C:\WINDOWS\system32\SHELL32.dll
0x00007ffedb770000 - 0x00007ffedbd99000 	C:\WINDOWS\system32\windows.storage.dll
0x00007ffede4c0000 - 0x00007ffede73c000 	C:\WINDOWS\system32\combase.dll
0x00007ffede7a0000 - 0x00007ffede7f1000 	C:\WINDOWS\system32\shlwapi.dll
0x00007ffedb760000 - 0x00007ffedb76f000 	C:\WINDOWS\system32\kernel.appcore.dll
0x00007ffedc0d0000 - 0x00007ffedc183000 	C:\WINDOWS\system32\shcore.dll
0x00007ffedb6d0000 - 0x00007ffedb71a000 	C:\WINDOWS\system32\powrprof.dll
0x00007ffedb720000 - 0x00007ffedb733000 	C:\WINDOWS\system32\profapi.dll
0x00007ffedb1c0000 - 0x00007ffedb34a000 	C:\WINDOWS\SYSTEM32\dbghelp.dll

VM Arguments:
jvm_args: -Djava.awt.headless=true -Xmx1024M -Dfile.encoding=windows-1252 -Duser.country=US -Duser.language=en -Duser.variant 
java_command: com.android.dx.command.Main --dex --force-jumbo --num-threads=4 --multi-dex --output C:\tmp\S12.04-Solution-ResourceQualifiers\wearable\intermediates\transforms\dex\debug\folders\1000\10\com.android.support-support-v4-24.0.0_754f5034a6722bef22f2005d20dd672624fd569c C:\tmp\S12.04-Solution-ResourceQualifiers\wearable\intermediates\exploded-aar\com.android.support\support-v4\24.0.0\jars\classes.jar
java_class_path (initial): C:\Users\gowth\AppData\Local\Android\sdk1\build-tools\25.0.2\lib\dx.jar
Launcher Type: SUN_STANDARD

Environment Variables:
JAVA_HOME=C:\Program Files\Java\jdk1.8.0_40
PATH=C:\ProgramData\Oracle\Java\javapath;C:\Program Files (x86)\Verisium\vPerformer\Bin;C:\Program Files\Java\jdk1.8.0_40\bin;C:\Program Files\nodejs\;C:\Users\gowth\Downloads\android-ndk-r13b\;C:\gradle-3.3\bin\;C:\Android;C:\Windows\System32;C:\Users\gowth\AppData\Roaming\npm;C:\gradle-3.3\bin\
USERNAME=gowth
OS=Windows_NT
PROCESSOR_IDENTIFIER=Intel64 Family 6 Model 69 Stepping 1, GenuineIntel



---------------  S Y S T E M  ---------------

OS: Windows 10.0 , 64 bit Build 10240 (10.0.10240.17113)

CPU:total 4 (2 cores per cpu, 2 threads per core) family 6 model 69 stepping 1, cmov, cx8, fxsr, mmx, sse, sse2, sse3, ssse3, sse4.1, sse4.2, popcnt, avx, avx2, aes, clmul, erms, lzcnt, ht, tsc, tscinvbit, bmi1, bmi2

Memory: 4k page, physical 3923764k(140572k free), swap 9109484k(122916k free)

vm_info: Java HotSpot(TM) 64-Bit Server VM (25.40-b25) for windows-amd64 JRE (1.8.0_40-b26), built on Mar  7 2015 13:51:59 by "java_re" with MS VC++ 10.0 (VS2010)

time: Sat Feb 18 00:07:28 2017
elapsed time: 34 seconds (0d 0h 0m 34s)

