#
# There is insufficient memory for the Java Runtime Environment to continue.
# Native memory allocation (malloc) failed to allocate 2195328 bytes for Chunk::new
# Possible reasons:
#   The system is out of physical RAM or swap space
#   In 32 bit mode, the process size limit was hit
# Possible solutions:
#   Reduce memory load on the system
#   Increase physical memory or swap space
#   Check if swap backing store is full
#   Use 64 bit Java on a 64 bit OS
#   Decrease Java heap size (-Xmx/-Xms)
#   Decrease number of Java threads
#   Decrease Java thread stack sizes (-Xss)
#   Set larger code cache with -XX:ReservedCodeCacheSize=
# This output file may be truncated or incomplete.
#
#  Out of Memory Error (allocation.cpp:390), pid=8092, tid=8536
#
# JRE version: Java(TM) SE Runtime Environment (8.0_40-b26) (build 1.8.0_40-b26)
# Java VM: Java HotSpot(TM) 64-Bit Server VM (25.40-b25 mixed mode windows-amd64 compressed oops)
# Failed to write core dump. Minidumps are not enabled by default on client versions of Windows
#

---------------  T H R E A D  ---------------

Current thread (0x0000000014c6d000):  JavaThread "C2 CompilerThread0" daemon [_thread_in_native, id=8536, stack(0x00000000161e0000,0x00000000162e0000)]

Stack: [0x00000000161e0000,0x00000000162e0000]
Native frames: (J=compiled Java code, j=interpreted, Vv=VM code, C=native code)
V  [jvm.dll+0x32b47a]
V  [jvm.dll+0x2797f3]
V  [jvm.dll+0x27a489]
V  [jvm.dll+0x2717a5]
V  [jvm.dll+0xcb9a2]
V  [jvm.dll+0xcbe6c]
V  [jvm.dll+0x4929a7]
V  [jvm.dll+0x45f94a]
V  [jvm.dll+0x46a73b]
V  [jvm.dll+0x46cd52]
V  [jvm.dll+0x4500d2]
V  [jvm.dll+0xa4312]
V  [jvm.dll+0xa4c4f]
V  [jvm.dll+0x241914]
V  [jvm.dll+0x29848a]
C  [msvcr100.dll+0x21d9f]
C  [msvcr100.dll+0x21e3b]
C  [KERNEL32.DLL+0x12d92]
C  [ntdll.dll+0x9f64]


Current CompileTask:
C2:  33826 1911   !   4       com.android.dx.cf.code.Ropper::processBlock (1101 bytes)


---------------  P R O C E S S  ---------------

Java Threads: ( => current thread )
  0x00000000024a0800 JavaThread "DestroyJavaVM" [_thread_blocked, id=8316, stack(0x00000000023a0000,0x00000000024a0000)]
  0x00000000164fc800 JavaThread "Service Thread" daemon [_thread_blocked, id=8376, stack(0x00000000168e0000,0x00000000169e0000)]
  0x0000000014ccb800 JavaThread "C1 CompilerThread2" daemon [_thread_blocked, id=2528, stack(0x00000000163e0000,0x00000000164e0000)]
  0x0000000014c71000 JavaThread "C2 CompilerThread1" daemon [_thread_blocked, id=8532, stack(0x00000000162e0000,0x00000000163e0000)]
=>0x0000000014c6d000 JavaThread "C2 CompilerThread0" daemon [_thread_in_native, id=8536, stack(0x00000000161e0000,0x00000000162e0000)]
  0x0000000014c6a000 JavaThread "Attach Listener" daemon [_thread_blocked, id=8712, stack(0x00000000160e0000,0x00000000161e0000)]
  0x0000000014c69000 JavaThread "Signal Dispatcher" daemon [_thread_blocked, id=3588, stack(0x0000000015fe0000,0x00000000160e0000)]
  0x0000000002590000 JavaThread "Finalizer" daemon [_thread_blocked, id=4492, stack(0x0000000015ee0000,0x0000000015fe0000)]
  0x000000000258d000 JavaThread "Reference Handler" daemon [_thread_blocked, id=8268, stack(0x0000000015de0000,0x0000000015ee0000)]

Other Threads:
  0x0000000014c38000 VMThread [stack: 0x0000000015ce0000,0x0000000015de0000] [id=6804]
  0x00000000164fe000 WatcherThread [stack: 0x00000000169e0000,0x0000000016ae0000] [id=6676]

VM state:not at safepoint (normal execution)

VM Mutex/Monitor currently owned by a thread: None

Heap:
 PSYoungGen      total 64000K, used 26849K [0x00000000eab00000, 0x00000000f3e00000, 0x0000000100000000)
  eden space 61440K, 39% used [0x00000000eab00000,0x00000000ec2ba950,0x00000000ee700000)
  from space 2560K, 99% used [0x00000000ee700000,0x00000000ee97dac8,0x00000000ee980000)
  to   space 13824K, 0% used [0x00000000f3080000,0x00000000f3080000,0x00000000f3e00000)
 ParOldGen       total 40960K, used 23038K [0x00000000c0000000, 0x00000000c2800000, 0x00000000eab00000)
  object space 40960K, 56% used [0x00000000c0000000,0x00000000c167f948,0x00000000c2800000)
 Metaspace       used 6938K, capacity 7512K, committed 7680K, reserved 1056768K
  class space    used 641K, capacity 656K, committed 768K, reserved 1048576K

Card table byte_map: [0x0000000011960000,0x0000000011b70000] byte_map_base: 0x0000000011360000

Marking Bits: (ParMarkBitMap*) 0x00000000613f4040
 Begin Bits: [0x00000000120d0000, 0x00000000130d0000)
 End Bits:   [0x00000000130d0000, 0x00000000140d0000)

Polling page: 0x0000000000bb0000

CodeCache: size=245760Kb used=10500Kb max_used=10513Kb free=235259Kb
 bounds [0x00000000025a0000, 0x0000000002ff0000, 0x00000000115a0000]
 total_blobs=2652 nmethods=2377 adapters=187
 compilation: enabled

Compilation events (10 events):
Event: 27.698 Thread 0x0000000014c71000 nmethod 2427 0x0000000002fe1310 code [0x0000000002fe1440, 0x0000000002fe1518]
Event: 27.905 Thread 0x0000000014ccb800 2429       3       java.lang.Integer::reverseBytes (26 bytes)
Event: 27.906 Thread 0x0000000014ccb800 nmethod 2429 0x0000000002fe0f90 code [0x0000000002fe10e0, 0x0000000002fe1230]
Event: 27.907 Thread 0x0000000014c71000 2430       4       java.lang.Integer::reverseBytes (26 bytes)
Event: 27.907 Thread 0x0000000014ccb800 2431       3       sun.security.provider.SHA::implCompress (491 bytes)
Event: 27.907 Thread 0x0000000014c71000 nmethod 2430 0x0000000002f08610 code [0x0000000002f08740, 0x0000000002f087b8]
Event: 27.908 Thread 0x0000000014ccb800 nmethod 2431 0x0000000002fe6d10 code [0x0000000002fe6f00, 0x0000000002fe77e8]
Event: 27.909 Thread 0x0000000014ccb800 2432       3       sun.security.provider.ByteArrayAccess::b2iBig64 (614 bytes)
Event: 27.910 Thread 0x0000000014ccb800 nmethod 2432 0x0000000002fe4ed0 code [0x0000000002fe50e0, 0x0000000002fe5ea8]
Event: 27.911 Thread 0x0000000014c71000 2433 %     4       sun.security.provider.SHA::implCompress @ 12 (491 bytes)

GC Heap History (10 events):
Event: 3.517 GC heap before
{Heap before GC invocations=1 (full 0):
 PSYoungGen      total 17920K, used 15360K [0x00000000eab00000, 0x00000000ebf00000, 0x0000000100000000)
  eden space 15360K, 100% used [0x00000000eab00000,0x00000000eba00000,0x00000000eba00000)
  from space 2560K, 0% used [0x00000000ebc80000,0x00000000ebc80000,0x00000000ebf00000)
  to   space 2560K, 0% used [0x00000000eba00000,0x00000000eba00000,0x00000000ebc80000)
 ParOldGen       total 40960K, used 0K [0x00000000c0000000, 0x00000000c2800000, 0x00000000eab00000)
  object space 40960K, 0% used [0x00000000c0000000,0x00000000c0000000,0x00000000c2800000)
 Metaspace       used 5547K, capacity 6512K, committed 6784K, reserved 1056768K
  class space    used 585K, capacity 616K, committed 640K, reserved 1048576K
Event: 3.851 GC heap after
Heap after GC invocations=1 (full 0):
 PSYoungGen      total 17920K, used 2541K [0x00000000eab00000, 0x00000000ece00000, 0x0000000100000000)
  eden space 15360K, 0% used [0x00000000eab00000,0x00000000eab00000,0x00000000eba00000)
  from space 2560K, 99% used [0x00000000eba00000,0x00000000ebc7b780,0x00000000ebc80000)
  to   space 2560K, 0% used [0x00000000ecb80000,0x00000000ecb80000,0x00000000ece00000)
 ParOldGen       total 40960K, used 1014K [0x00000000c0000000, 0x00000000c2800000, 0x00000000eab00000)
  object space 40960K, 2% used [0x00000000c0000000,0x00000000c00fdbb0,0x00000000c2800000)
 Metaspace       used 5547K, capacity 6512K, committed 6784K, reserved 1056768K
  class space    used 585K, capacity 616K, committed 640K, reserved 1048576K
}
Event: 6.800 GC heap before
{Heap before GC invocations=2 (full 0):
 PSYoungGen      total 17920K, used 17901K [0x00000000eab00000, 0x00000000ece00000, 0x0000000100000000)
  eden space 15360K, 100% used [0x00000000eab00000,0x00000000eba00000,0x00000000eba00000)
  from space 2560K, 99% used [0x00000000eba00000,0x00000000ebc7b780,0x00000000ebc80000)
  to   space 2560K, 0% used [0x00000000ecb80000,0x00000000ecb80000,0x00000000ece00000)
 ParOldGen       total 40960K, used 1014K [0x00000000c0000000, 0x00000000c2800000, 0x00000000eab00000)
  object space 40960K, 2% used [0x00000000c0000000,0x00000000c00fdbb0,0x00000000c2800000)
 Metaspace       used 5960K, capacity 6896K, committed 7040K, reserved 1056768K
  class space    used 588K, capacity 616K, committed 640K, reserved 1048576K
Event: 7.368 GC heap after
Heap after GC invocations=2 (full 0):
 PSYoungGen      total 33280K, used 2538K [0x00000000eab00000, 0x00000000ece00000, 0x0000000100000000)
  eden space 30720K, 0% used [0x00000000eab00000,0x00000000eab00000,0x00000000ec900000)
  from space 2560K, 99% used [0x00000000ecb80000,0x00000000ecdfaac8,0x00000000ece00000)
  to   space 2560K, 0% used [0x00000000ec900000,0x00000000ec900000,0x00000000ecb80000)
 ParOldGen       total 40960K, used 2538K [0x00000000c0000000, 0x00000000c2800000, 0x00000000eab00000)
  object space 40960K, 6% used [0x00000000c0000000,0x00000000c027aae8,0x00000000c2800000)
 Metaspace       used 5960K, capacity 6896K, committed 7040K, reserved 1056768K
  class space    used 588K, capacity 616K, committed 640K, reserved 1048576K
}
Event: 10.400 GC heap before
{Heap before GC invocations=3 (full 0):
 PSYoungGen      total 33280K, used 33258K [0x00000000eab00000, 0x00000000ece00000, 0x0000000100000000)
  eden space 30720K, 100% used [0x00000000eab00000,0x00000000ec900000,0x00000000ec900000)
  from space 2560K, 99% used [0x00000000ecb80000,0x00000000ecdfaac8,0x00000000ece00000)
  to   space 2560K, 0% used [0x00000000ec900000,0x00000000ec900000,0x00000000ecb80000)
 ParOldGen       total 40960K, used 2538K [0x00000000c0000000, 0x00000000c2800000, 0x00000000eab00000)
  object space 40960K, 6% used [0x00000000c0000000,0x00000000c027aae8,0x00000000c2800000)
 Metaspace       used 6125K, capacity 7024K, committed 7296K, reserved 1056768K
  class space    used 589K, capacity 616K, committed 640K, reserved 1048576K
Event: 10.714 GC heap after
Heap after GC invocations=3 (full 0):
 PSYoungGen      total 33280K, used 2528K [0x00000000eab00000, 0x00000000eec00000, 0x0000000100000000)
  eden space 30720K, 0% used [0x00000000eab00000,0x00000000eab00000,0x00000000ec900000)
  from space 2560K, 98% used [0x00000000ec900000,0x00000000ecb78028,0x00000000ecb80000)
  to   space 2560K, 0% used [0x00000000ee980000,0x00000000ee980000,0x00000000eec00000)
 ParOldGen       total 40960K, used 7394K [0x00000000c0000000, 0x00000000c2800000, 0x00000000eab00000)
  object space 40960K, 18% used [0x00000000c0000000,0x00000000c0738b10,0x00000000c2800000)
 Metaspace       used 6125K, capacity 7024K, committed 7296K, reserved 1056768K
  class space    used 589K, capacity 616K, committed 640K, reserved 1048576K
}
Event: 14.080 GC heap before
{Heap before GC invocations=4 (full 0):
 PSYoungGen      total 33280K, used 33248K [0x00000000eab00000, 0x00000000eec00000, 0x0000000100000000)
  eden space 30720K, 100% used [0x00000000eab00000,0x00000000ec900000,0x00000000ec900000)
  from space 2560K, 98% used [0x00000000ec900000,0x00000000ecb78028,0x00000000ecb80000)
  to   space 2560K, 0% used [0x00000000ee980000,0x00000000ee980000,0x00000000eec00000)
 ParOldGen       total 40960K, used 7394K [0x00000000c0000000, 0x00000000c2800000, 0x00000000eab00000)
  object space 40960K, 18% used [0x00000000c0000000,0x00000000c0738b10,0x00000000c2800000)
 Metaspace       used 6211K, capacity 7088K, committed 7296K, reserved 1056768K
  class space    used 589K, capacity 616K, committed 640K, reserved 1048576K
Event: 14.329 GC heap after
Heap after GC invocations=4 (full 0):
 PSYoungGen      total 64000K, used 2528K [0x00000000eab00000, 0x00000000eec00000, 0x0000000100000000)
  eden space 61440K, 0% used [0x00000000eab00000,0x00000000eab00000,0x00000000ee700000)
  from space 2560K, 98% used [0x00000000ee980000,0x00000000eebf8028,0x00000000eec00000)
  to   space 2560K, 0% used [0x00000000ee700000,0x00000000ee700000,0x00000000ee980000)
 ParOldGen       total 40960K, used 12640K [0x00000000c0000000, 0x00000000c2800000, 0x00000000eab00000)
  object space 40960K, 30% used [0x00000000c0000000,0x00000000c0c58050,0x00000000c2800000)
 Metaspace       used 6211K, capacity 7088K, committed 7296K, reserved 1056768K
  class space    used 589K, capacity 616K, committed 640K, reserved 1048576K
}
Event: 18.002 GC heap before
{Heap before GC invocations=5 (full 0):
 PSYoungGen      total 64000K, used 63968K [0x00000000eab00000, 0x00000000eec00000, 0x0000000100000000)
  eden space 61440K, 100% used [0x00000000eab00000,0x00000000ee700000,0x00000000ee700000)
  from space 2560K, 98% used [0x00000000ee980000,0x00000000eebf8028,0x00000000eec00000)
  to   space 2560K, 0% used [0x00000000ee700000,0x00000000ee700000,0x00000000ee980000)
 ParOldGen       total 40960K, used 12640K [0x00000000c0000000, 0x00000000c2800000, 0x00000000eab00000)
  object space 40960K, 30% used [0x00000000c0000000,0x00000000c0c58050,0x00000000c2800000)
 Metaspace       used 6281K, capacity 7152K, committed 7296K, reserved 1056768K
  class space    used 590K, capacity 616K, committed 640K, reserved 1048576K
Event: 18.533 GC heap after
Heap after GC invocations=5 (full 0):
 PSYoungGen      total 64000K, used 2550K [0x00000000eab00000, 0x00000000f3e00000, 0x0000000100000000)
  eden space 61440K, 0% used [0x00000000eab00000,0x00000000eab00000,0x00000000ee700000)
  from space 2560K, 99% used [0x00000000ee700000,0x00000000ee97dac8,0x00000000ee980000)
  to   space 13824K, 0% used [0x00000000f3080000,0x00000000f3080000,0x00000000f3e00000)
 ParOldGen       total 40960K, used 23038K [0x00000000c0000000, 0x00000000c2800000, 0x00000000eab00000)
  object space 40960K, 56% used [0x00000000c0000000,0x00000000c167f948,0x00000000c2800000)
 Metaspace       used 6281K, capacity 7152K, committed 7296K, reserved 1056768K
  class space    used 590K, capacity 616K, committed 640K, reserved 1048576K
}

Deoptimization events (10 events):
Event: 25.314 Thread 0x0000000016736800 Uncommon trap: reason=class_check action=maybe_recompile pc=0x0000000002f03130 method=com.android.dx.dex.code.OutputFinisher.calculateReservedCount([Lcom/android/dx/dex/code/Dop;)I @ 72
Event: 25.328 Thread 0x0000000016736800 Uncommon trap: reason=class_check action=maybe_recompile pc=0x0000000002f03130 method=com.android.dx.dex.code.OutputFinisher.calculateReservedCount([Lcom/android/dx/dex/code/Dop;)I @ 72
Event: 25.339 Thread 0x0000000016736800 Uncommon trap: reason=class_check action=maybe_recompile pc=0x0000000002f03130 method=com.android.dx.dex.code.OutputFinisher.calculateReservedCount([Lcom/android/dx/dex/code/Dop;)I @ 72
Event: 25.542 Thread 0x0000000016736800 Uncommon trap: reason=unstable_if action=reinterpret pc=0x0000000002efbfd0 method=com.android.dx.dex.code.OutputFinisher.align64bits([Lcom/android/dx/dex/code/Dop;)V @ 205
Event: 25.969 Thread 0x0000000016736800 Uncommon trap: reason=unstable_if action=reinterpret pc=0x0000000002f3ad84 method=com.android.dx.util.ByteArrayAnnotatedOutput.writeByte(I)V @ 13
Event: 26.416 Thread 0x0000000016736800 Uncommon trap: reason=unstable_if action=reinterpret pc=0x0000000002f3b848 method=com.android.dx.util.ByteArrayAnnotatedOutput.writeByte(I)V @ 13
Event: 27.381 Thread 0x0000000016736800 Uncommon trap: reason=unstable_if action=reinterpret pc=0x00000000029202ec method=java.util.Arrays.copyOf([Ljava/lang/Object;ILjava/lang/Class;)[Ljava/lang/Object; @ 3
Event: 27.534 Thread 0x0000000016736800 Uncommon trap: reason=class_check action=maybe_recompile pc=0x0000000002e693ec method=java.util.HashMap.putVal(ILjava/lang/Object;Ljava/lang/Object;ZZ)Ljava/lang/Object; @ 56
Event: 27.535 Thread 0x0000000016736800 Uncommon trap: reason=class_check action=maybe_recompile pc=0x0000000002e69478 method=java.util.HashMap.putVal(ILjava/lang/Object;Ljava/lang/Object;ZZ)Ljava/lang/Object; @ 152
Event: 27.535 Thread 0x0000000016736800 Uncommon trap: reason=class_check action=maybe_recompile pc=0x0000000002e693ec method=java.util.HashMap.putVal(ILjava/lang/Object;Ljava/lang/Object;ZZ)Ljava/lang/Object; @ 56

Internal exceptions (3 events):
Event: 0.067 Thread 0x00000000024a0800 Exception <a 'java/lang/NoSuchMethodError': Method sun.misc.Unsafe.defineClass(Ljava/lang/String;[BII)Ljava/lang/Class; name or signature does not match> (0x00000000eab0d110) thrown at [D:\re\workspace\8-2-build-windows-amd64-cygwin\jdk8u40\3098\hotspot\sr#l—05±?
Event: 0.067 Thread 0x00000000024a0800 Exception <a 'java/lang/NoSuchMethodError': Method sun.misc.Unsafe.prefetchRead(Ljava/lang/Object;J)V name or signature does not match> (0x00000000eab0d3a0) thrown at [D:\re\workspace\8-2-build-windows-amd64-cygwin\jdk8u40\3098\hotspot\src\share\vm\prims\j}<úµ≈€@
Event: 4.465 Thread 0x0000000016805800 Implicit null exception at 0x00000000029c3462 to 0x00000000029c3555

Events (10 events):
Event: 27.698 loading class sun/security/provider/SHA
Event: 27.699 loading class sun/security/provider/DigestBase
Event: 27.699 loading class sun/security/provider/DigestBase done
Event: 27.699 loading class sun/security/provider/SHA done
Event: 27.699 loading class sun/security/jca/GetInstance$Instance
Event: 27.699 loading class sun/security/jca/GetInstance$Instance done
Event: 27.699 loading class java/security/MessageDigest$Delegate
Event: 27.699 loading class java/security/MessageDigest$Delegate done
Event: 27.699 loading class sun/security/provider/ByteArrayAccess
Event: 27.699 loading class sun/security/provider/ByteArrayAccess done


Dynamic libraries:
0x00007ff6b4170000 - 0x00007ff6b41a7000 	C:\Program Files\Java\jdk1.8.0_40\bin\java.exe
0x00007ffedecb0000 - 0x00007ffedee72000 	C:\WINDOWS\SYSTEM32\ntdll.dll
0x00007ffedc380000 - 0x00007ffedc42d000 	C:\WINDOWS\system32\KERNEL32.DLL
0x00007ffedc190000 - 0x00007ffedc36d000 	C:\WINDOWS\system32\KERNELBASE.dll
0x00007ffede800000 - 0x00007ffede8a6000 	C:\WINDOWS\system32\ADVAPI32.dll
0x00007ffedddf0000 - 0x00007ffedde8d000 	C:\WINDOWS\system32\msvcrt.dll
0x00007ffedc860000 - 0x00007ffedc8bb000 	C:\WINDOWS\system32\sechost.dll
0x00007ffede000000 - 0x00007ffede126000 	C:\WINDOWS\system32\RPCRT4.dll
0x00007ffede1a0000 - 0x00007ffede2ee000 	C:\WINDOWS\system32\USER32.dll
0x00007ffedc5e0000 - 0x00007ffedc765000 	C:\WINDOWS\system32\GDI32.dll
0x00007ffed5eb0000 - 0x00007ffed6124000 	C:\WINDOWS\WinSxS\amd64_microsoft.windows.common-controls_6595b64144ccf1df_6.0.10240.17184_none_f41d7a705752bce6\COMCTL32.dll
0x00007ffedc770000 - 0x00007ffedc7a6000 	C:\WINDOWS\system32\IMM32.DLL
0x00007ffeddea0000 - 0x00007ffeddffc000 	C:\WINDOWS\system32\MSCTF.dll
0x0000000061480000 - 0x0000000061552000 	C:\Program Files\Java\jdk1.8.0_40\jre\bin\msvcr100.dll
0x0000000060bf0000 - 0x0000000061473000 	C:\Program Files\Java\jdk1.8.0_40\jre\bin\server\jvm.dll
0x00007ffedeb30000 - 0x00007ffedeb38000 	C:\WINDOWS\system32\PSAPI.DLL
0x00007ffed93e0000 - 0x00007ffed9403000 	C:\WINDOWS\SYSTEM32\WINMM.dll
0x00007ffed1690000 - 0x00007ffed1699000 	C:\WINDOWS\SYSTEM32\WSOCK32.dll
0x00007ffede130000 - 0x00007ffede199000 	C:\WINDOWS\system32\WS2_32.dll
0x00007ffedde90000 - 0x00007ffedde98000 	C:\WINDOWS\system32\NSI.dll
0x00007ffed9e50000 - 0x00007ffed9e5a000 	C:\WINDOWS\SYSTEM32\VERSION.dll
0x00007ffed9380000 - 0x00007ffed93ac000 	C:\WINDOWS\SYSTEM32\WINMMBASE.dll
0x00007ffedbda0000 - 0x00007ffedbde4000 	C:\WINDOWS\system32\cfgmgr32.dll
0x00007ffedb3b0000 - 0x00007ffedb3d7000 	C:\WINDOWS\SYSTEM32\DEVOBJ.dll
0x0000000060be0000 - 0x0000000060bef000 	C:\Program Files\Java\jdk1.8.0_40\jre\bin\verify.dll
0x0000000060bb0000 - 0x0000000060bd9000 	C:\Program Files\Java\jdk1.8.0_40\jre\bin\java.dll
0x0000000060b90000 - 0x0000000060ba6000 	C:\Program Files\Java\jdk1.8.0_40\jre\bin\zip.dll
0x00007ffedc8c0000 - 0x00007ffeddde3000 	C:\WINDOWS\system32\SHELL32.dll
0x00007ffedb770000 - 0x00007ffedbd99000 	C:\WINDOWS\system32\windows.storage.dll
0x00007ffede4c0000 - 0x00007ffede73c000 	C:\WINDOWS\system32\combase.dll
0x00007ffede7a0000 - 0x00007ffede7f1000 	C:\WINDOWS\system32\shlwapi.dll
0x00007ffedb760000 - 0x00007ffedb76f000 	C:\WINDOWS\system32\kernel.appcore.dll
0x00007ffedc0d0000 - 0x00007ffedc183000 	C:\WINDOWS\system32\shcore.dll
0x00007ffedb6d0000 - 0x00007ffedb71a000 	C:\WINDOWS\system32\powrprof.dll
0x00007ffedb720000 - 0x00007ffedb733000 	C:\WINDOWS\system32\profapi.dll
0x00007ffedb1c0000 - 0x00007ffedb34a000 	C:\WINDOWS\SYSTEM32\dbghelp.dll

VM Arguments:
jvm_args: -Djava.awt.headless=true -Xmx1024M -Dfile.encoding=windows-1252 -Duser.country=US -Duser.language=en -Duser.variant 
java_command: com.android.dx.command.Main --dex --force-jumbo --num-threads=4 --multi-dex --output C:\tmp\S12.04-Solution-ResourceQualifiers\wearable\intermediates\transforms\dex\debug\folders\1000\10\com.google.android.gms-play-services-base-10.0.1_245fff54da3047be0bc73c1dca8a3e50207cfcfc C:\tmp\S12.04-Solution-ResourceQualifiers\wearable\intermediates\exploded-aar\com.google.android.gms\play-services-base\10.0.1\jars\classes.jar
java_class_path (initial): C:\Users\gowth\AppData\Local\Android\sdk1\build-tools\25.0.2\lib\dx.jar
Launcher Type: SUN_STANDARD

Environment Variables:
JAVA_HOME=C:\Program Files\Java\jdk1.8.0_40
PATH=C:\ProgramData\Oracle\Java\javapath;C:\Program Files (x86)\Verisium\vPerformer\Bin;C:\Program Files\Java\jdk1.8.0_40\bin;C:\Program Files\nodejs\;C:\Users\gowth\Downloads\android-ndk-r13b\;C:\gradle-3.3\bin\;C:\Android;C:\Windows\System32;C:\Users\gowth\AppData\Roaming\npm;C:\gradle-3.3\bin\
USERNAME=gowth
OS=Windows_NT
PROCESSOR_IDENTIFIER=Intel64 Family 6 Model 69 Stepping 1, GenuineIntel



---------------  S Y S T E M  ---------------

OS: Windows 10.0 , 64 bit Build 10240 (10.0.10240.17113)

CPU:total 4 (2 cores per cpu, 2 threads per core) family 6 model 69 stepping 1, cmov, cx8, fxsr, mmx, sse, sse2, sse3, ssse3, sse4.1, sse4.2, popcnt, avx, avx2, aes, clmul, erms, lzcnt, ht, tsc, tscinvbit, bmi1, bmi2

Memory: 4k page, physical 3923764k(140572k free), swap 9109484k(122916k free)

vm_info: Java HotSpot(TM) 64-Bit Server VM (25.40-b25) for windows-amd64 JRE (1.8.0_40-b26), built on Mar  7 2015 13:51:59 by "java_re" with MS VC++ 10.0 (VS2010)

time: Sat Feb 18 00:07:28 2017
elapsed time: 34 seconds (0d 0h 0m 34s)

